#
# There is insufficient memory for the Java Runtime Environment to continue.
# Native memory allocation (malloc) failed to allocate 1139376 bytes for Chunk::new
# Possible reasons:
#   The system is out of physical RAM or swap space
#   In 32 bit mode, the process size limit was hit
# Possible solutions:
#   Reduce memory load on the system
#   Increase physical memory or swap space
#   Check if swap backing store is full
#   Use 64 bit Java on a 64 bit OS
#   Decrease Java heap size (-Xmx/-Xms)
#   Decrease number of Java threads
#   Decrease Java thread stack sizes (-Xss)
#   Set larger code cache with -XX:ReservedCodeCacheSize=
# This output file may be truncated or incomplete.
#
#  Out of Memory Error (allocation.cpp:390), pid=408, tid=0x00000000000012c4
#
# JRE version: Java(TM) SE Runtime Environment (8.0_111-b14) (build 1.8.0_111-b14)
# Java VM: Java HotSpot(TM) 64-Bit Server VM (25.111-b14 mixed mode windows-amd64 compressed oops)
# Failed to write core dump. Minidumps are not enabled by default on client versions of Windows
#

---------------  T H R E A D  ---------------

Current thread (0x0000000014bb2000):  JavaThread "C2 CompilerThread0" daemon [_thread_in_native, id=4804, stack(0x0000000016260000,0x0000000016360000)]

Stack: [0x0000000016260000,0x0000000016360000]
[error occurred during error reporting (printing stack bounds), id 0xc0000005]

Native frames: (J=compiled Java code, j=interpreted, Vv=VM code, C=native code)


Current CompileTask:
C2:   3188 3119       4       java.net.URLClassLoader$1::run (5 bytes)


---------------  P R O C E S S  ---------------

Java Threads: ( => current thread )
  0x0000000014bbf000 JavaThread "pool-5-thread-1" [_thread_blocked, id=14696, stack(0x000000001a830000,0x000000001a930000)]
  0x0000000014bc3000 JavaThread "pool-4-thread-1" [_thread_blocked, id=11256, stack(0x000000001a730000,0x000000001a830000)]
  0x0000000014bc6000 JavaThread "pool-3-thread-1" [_thread_blocked, id=6792, stack(0x000000001a630000,0x000000001a730000)]
  0x0000000014bc2000 JavaThread "pool-2-thread-1" [_thread_blocked, id=14364, stack(0x000000001a530000,0x000000001a630000)]
  0x0000000014bc3800 JavaThread "pool-1-thread-1" [_thread_blocked, id=15076, stack(0x0000000019e30000,0x0000000019f30000)]
  0x0000000017ba4800 JavaThread "mysql-cj-abandoned-connection-cleanup" daemon [_thread_blocked, id=15308, stack(0x0000000018620000,0x0000000018720000)]
  0x00000000024c2800 JavaThread "DestroyJavaVM" [_thread_blocked, id=12104, stack(0x00000000023c0000,0x00000000024c0000)]
  0x000000001756d000 JavaThread "AWT-EventQueue-0" [_thread_in_Java, id=9588, stack(0x0000000017d20000,0x0000000017e20000)]
  0x0000000016959000 JavaThread "AWT-Windows" daemon [_thread_in_native, id=12024, stack(0x0000000016ed0000,0x0000000016fd0000)]
  0x0000000016950800 JavaThread "AWT-Shutdown" [_thread_blocked, id=14504, stack(0x0000000016dd0000,0x0000000016ed0000)]
  0x0000000016950000 JavaThread "Java2D Disposer" daemon [_thread_blocked, id=7172, stack(0x0000000016cd0000,0x0000000016dd0000)]
  0x0000000016590800 JavaThread "Service Thread" daemon [_thread_blocked, id=5000, stack(0x0000000016960000,0x0000000016a60000)]
  0x0000000014bc5000 JavaThread "C1 CompilerThread2" daemon [_thread_blocked, id=14296, stack(0x0000000016460000,0x0000000016560000)]
  0x0000000014bb7800 JavaThread "C2 CompilerThread1" daemon [_thread_blocked, id=13360, stack(0x0000000016360000,0x0000000016460000)]
=>0x0000000014bb2000 JavaThread "C2 CompilerThread0" daemon [_thread_in_native, id=4804, stack(0x0000000016260000,0x0000000016360000)]
  0x0000000014bae800 JavaThread "Attach Listener" daemon [_thread_blocked, id=14420, stack(0x0000000016160000,0x0000000016260000)]
  0x0000000014bad800 JavaThread "Signal Dispatcher" daemon [_thread_blocked, id=9200, stack(0x0000000016060000,0x0000000016160000)]
  0x00000000025bb000 JavaThread "Finalizer" daemon [_thread_blocked, id=7612, stack(0x0000000015e40000,0x0000000015f40000)]
  0x00000000025b2000 JavaThread "Reference Handler" daemon [_thread_blocked, id=14888, stack(0x0000000015d40000,0x0000000015e40000)]

Other Threads:
  0x0000000014b77000 VMThread [stack: 0x0000000015c40000,0x0000000015d40000] [id=14264]
  0x00000000165b1000 WatcherThread [stack: 0x0000000016a60000,0x0000000016b60000] [id=2872]

VM state:not at safepoint (normal execution)

VM Mutex/Monitor currently owned by a thread: None

Heap:
 PSYoungGen      total 35328K, used 30898K [0x00000000eb300000, 0x00000000ef200000, 0x0000000100000000)
  eden space 32768K, 86% used [0x00000000eb300000,0x00000000eceaeb80,0x00000000ed300000)
  from space 2560K, 99% used [0x00000000ed300000,0x00000000ed57e050,0x00000000ed580000)
  to   space 8704K, 0% used [0x00000000ee980000,0x00000000ee980000,0x00000000ef200000)
 ParOldGen       total 35328K, used 17277K [0x00000000c1800000, 0x00000000c3a80000, 0x00000000eb300000)
  object space 35328K, 48% used [0x00000000c1800000,0x00000000c28df450,0x00000000c3a80000)
 Metaspace       used 30918K, capacity 31234K, committed 31488K, reserved 1077248K
  class space    used 3904K, capacity 4031K, committed 4096K, reserved 1048576K

Card table byte_map: [0x0000000011980000,0x0000000011b80000] byte_map_base: 0x0000000011374000

Marking Bits: (ParMarkBitMap*) 0x000000006a1ba6c0
 Begin Bits: [0x00000000120d0000, 0x0000000013070000)
 End Bits:   [0x0000000013070000, 0x0000000014010000)

Polling page: 0x00000000006d0000

CodeCache: size=245760Kb used=10335Kb max_used=10335Kb free=235424Kb
 bounds [0x00000000025c0000, 0x0000000002ff0000, 0x00000000115c0000]
 total_blobs=3796 nmethods=3210 adapters=498
 compilation: enabled

Compilation events (10 events):
Event: 3.166 Thread 0x0000000014bc5000 nmethod 3202 0x0000000002fc1f90 code [0x0000000002fc2140, 0x0000000002fc2938]
Event: 3.166 Thread 0x0000000014bc5000 3203       3       javax.swing.AbstractAction::getValue (32 bytes)
Event: 3.166 Thread 0x0000000014bc5000 nmethod 3203 0x0000000002fc2b50 code [0x0000000002fc2ce0, 0x0000000002fc2fe8]
Event: 3.166 Thread 0x0000000014bc5000 3204   !   3       java.awt.Component::firePropertyChange (59 bytes)
Event: 3.167 Thread 0x0000000014bc5000 nmethod 3204 0x0000000002fc3710 code [0x0000000002fc3900, 0x0000000002fc4498]
Event: 3.167 Thread 0x0000000014bb7800 3205       4       java.lang.ref.SoftReference::get (29 bytes)
Event: 3.168 Thread 0x0000000014bb7800 nmethod 3205 0x0000000002fc7810 code [0x0000000002fc7940, 0x0000000002fc79d8]
Event: 3.174 Thread 0x0000000014bc5000 3206       3       javax.swing.plaf.nimbus.NimbusDefaults$LazyStyle::matches (229 bytes)
Event: 3.175 Thread 0x0000000014bc5000 nmethod 3206 0x0000000002fc5310 code [0x0000000002fc55a0, 0x0000000002fc69a8]
Event: 3.175 Thread 0x0000000014bc5000 3207       3       javax.swing.plaf.nimbus.NimbusStyle::validate (1178 bytes)

GC Heap History (10 events):
Event: 1.238 GC heap before
{Heap before GC invocations=4 (full 0):
 PSYoungGen      total 18944K, used 15923K [0x00000000eb300000, 0x00000000ed800000, 0x0000000100000000)
  eden space 16384K, 81% used [0x00000000eb300000,0x00000000ec00e660,0x00000000ec300000)
  from space 2560K, 99% used [0x00000000ec300000,0x00000000ec57e830,0x00000000ec580000)
  to   space 2560K, 0% used [0x00000000ed580000,0x00000000ed580000,0x00000000ed800000)
 ParOldGen       total 44032K, used 3440K [0x00000000c1800000, 0x00000000c4300000, 0x00000000eb300000)
  object space 44032K, 7% used [0x00000000c1800000,0x00000000c1b5c3e8,0x00000000c4300000)
 Metaspace       used 20887K, capacity 21142K, committed 21248K, reserved 1067008K
  class space    used 2647K, capacity 2759K, committed 2816K, reserved 1048576K
Event: 1.245 GC heap after
Heap after GC invocations=4 (full 0):
 PSYoungGen      total 35328K, used 2534K [0x00000000eb300000, 0x00000000ed800000, 0x0000000100000000)
  eden space 32768K, 0% used [0x00000000eb300000,0x00000000eb300000,0x00000000ed300000)
  from space 2560K, 98% used [0x00000000ed580000,0x00000000ed7f9838,0x00000000ed800000)
  to   space 2560K, 0% used [0x00000000ed300000,0x00000000ed300000,0x00000000ed580000)
 ParOldGen       total 44032K, used 6425K [0x00000000c1800000, 0x00000000c4300000, 0x00000000eb300000)
  object space 44032K, 14% used [0x00000000c1800000,0x00000000c1e465d8,0x00000000c4300000)
 Metaspace       used 20887K, capacity 21142K, committed 21248K, reserved 1067008K
  class space    used 2647K, capacity 2759K, committed 2816K, reserved 1048576K
}
Event: 1.245 GC heap before
{Heap before GC invocations=5 (full 1):
 PSYoungGen      total 35328K, used 2534K [0x00000000eb300000, 0x00000000ed800000, 0x0000000100000000)
  eden space 32768K, 0% used [0x00000000eb300000,0x00000000eb300000,0x00000000ed300000)
  from space 2560K, 98% used [0x00000000ed580000,0x00000000ed7f9838,0x00000000ed800000)
  to   space 2560K, 0% used [0x00000000ed300000,0x00000000ed300000,0x00000000ed580000)
 ParOldGen       total 44032K, used 6425K [0x00000000c1800000, 0x00000000c4300000, 0x00000000eb300000)
  object space 44032K, 14% used [0x00000000c1800000,0x00000000c1e465d8,0x00000000c4300000)
 Metaspace       used 20887K, capacity 21142K, committed 21248K, reserved 1067008K
  class space    used 2647K, capacity 2759K, committed 2816K, reserved 1048576K
Event: 1.269 GC heap after
Heap after GC invocations=5 (full 1):
 PSYoungGen      total 35328K, used 0K [0x00000000eb300000, 0x00000000ed800000, 0x0000000100000000)
  eden space 32768K, 0% used [0x00000000eb300000,0x00000000eb300000,0x00000000ed300000)
  from space 2560K, 0% used [0x00000000ed580000,0x00000000ed580000,0x00000000ed800000)
  to   space 2560K, 0% used [0x00000000ed300000,0x00000000ed300000,0x00000000ed580000)
 ParOldGen       total 35328K, used 5923K [0x00000000c1800000, 0x00000000c3a80000, 0x00000000eb300000)
  object space 35328K, 16% used [0x00000000c1800000,0x00000000c1dc8db0,0x00000000c3a80000)
 Metaspace       used 20887K, capacity 21142K, committed 21248K, reserved 1067008K
  class space    used 2647K, capacity 2759K, committed 2816K, reserved 1048576K
}
Event: 1.782 GC heap before
{Heap before GC invocations=6 (full 1):
 PSYoungGen      total 35328K, used 32768K [0x00000000eb300000, 0x00000000ed800000, 0x0000000100000000)
  eden space 32768K, 100% used [0x00000000eb300000,0x00000000ed300000,0x00000000ed300000)
  from space 2560K, 0% used [0x00000000ed580000,0x00000000ed580000,0x00000000ed800000)
  to   space 2560K, 0% used [0x00000000ed300000,0x00000000ed300000,0x00000000ed580000)
 ParOldGen       total 35328K, used 5923K [0x00000000c1800000, 0x00000000c3a80000, 0x00000000eb300000)
  object space 35328K, 16% used [0x00000000c1800000,0x00000000c1dc8db0,0x00000000c3a80000)
 Metaspace       used 25761K, capacity 26024K, committed 26240K, reserved 1073152K
  class space    used 3307K, capacity 3440K, committed 3456K, reserved 1048576K
Event: 1.789 GC heap after
Heap after GC invocations=6 (full 1):
 PSYoungGen      total 35328K, used 2549K [0x00000000eb300000, 0x00000000ed800000, 0x0000000100000000)
  eden space 32768K, 0% used [0x00000000eb300000,0x00000000eb300000,0x00000000ed300000)
  from space 2560K, 99% used [0x00000000ed300000,0x00000000ed57d460,0x00000000ed580000)
  to   space 2560K, 0% used [0x00000000ed580000,0x00000000ed580000,0x00000000ed800000)
 ParOldGen       total 35328K, used 9363K [0x00000000c1800000, 0x00000000c3a80000, 0x00000000eb300000)
  object space 35328K, 26% used [0x00000000c1800000,0x00000000c2124eb0,0x00000000c3a80000)
 Metaspace       used 25761K, capacity 26024K, committed 26240K, reserved 1073152K
  class space    used 3307K, capacity 3440K, committed 3456K, reserved 1048576K
}
Event: 2.366 GC heap before
{Heap before GC invocations=7 (full 1):
 PSYoungGen      total 35328K, used 35317K [0x00000000eb300000, 0x00000000ed800000, 0x0000000100000000)
  eden space 32768K, 100% used [0x00000000eb300000,0x00000000ed300000,0x00000000ed300000)
  from space 2560K, 99% used [0x00000000ed300000,0x00000000ed57d460,0x00000000ed580000)
  to   space 2560K, 0% used [0x00000000ed580000,0x00000000ed580000,0x00000000ed800000)
 ParOldGen       total 35328K, used 9363K [0x00000000c1800000, 0x00000000c3a80000, 0x00000000eb300000)
  object space 35328K, 26% used [0x00000000c1800000,0x00000000c2124eb0,0x00000000c3a80000)
 Metaspace       used 27999K, capacity 28356K, committed 28544K, reserved 1075200K
  class space    used 3543K, capacity 3674K, committed 3712K, reserved 1048576K
Event: 2.373 GC heap after
Heap after GC invocations=7 (full 1):
 PSYoungGen      total 35328K, used 2541K [0x00000000eb300000, 0x00000000ed800000, 0x0000000100000000)
  eden space 32768K, 0% used [0x00000000eb300000,0x00000000eb300000,0x00000000ed300000)
  from space 2560K, 99% used [0x00000000ed580000,0x00000000ed7fb490,0x00000000ed800000)
  to   space 2560K, 0% used [0x00000000ed300000,0x00000000ed300000,0x00000000ed580000)
 ParOldGen       total 35328K, used 13597K [0x00000000c1800000, 0x00000000c3a80000, 0x00000000eb300000)
  object space 35328K, 38% used [0x00000000c1800000,0x00000000c25474d8,0x00000000c3a80000)
 Metaspace       used 27999K, capacity 28356K, committed 28544K, reserved 1075200K
  class space    used 3543K, capacity 3674K, committed 3712K, reserved 1048576K
}
Event: 2.833 GC heap before
{Heap before GC invocations=8 (full 1):
 PSYoungGen      total 35328K, used 35309K [0x00000000eb300000, 0x00000000ed800000, 0x0000000100000000)
  eden space 32768K, 100% used [0x00000000eb300000,0x00000000ed300000,0x00000000ed300000)
  from space 2560K, 99% used [0x00000000ed580000,0x00000000ed7fb490,0x00000000ed800000)
  to   space 2560K, 0% used [0x00000000ed300000,0x00000000ed300000,0x00000000ed580000)
 ParOldGen       total 35328K, used 13597K [0x00000000c1800000, 0x00000000c3a80000, 0x00000000eb300000)
  object space 35328K, 38% used [0x00000000c1800000,0x00000000c25474d8,0x00000000c3a80000)
 Metaspace       used 28491K, capacity 28816K, committed 29056K, reserved 1075200K
  class space    used 3547K, capacity 3676K, committed 3712K, reserved 1048576K
Event: 2.841 GC heap after
Heap after GC invocations=8 (full 1):
 PSYoungGen      total 35328K, used 2552K [0x00000000eb300000, 0x00000000ef200000, 0x0000000100000000)
  eden space 32768K, 0% used [0x00000000eb300000,0x00000000eb300000,0x00000000ed300000)
  from space 2560K, 99% used [0x00000000ed300000,0x00000000ed57e050,0x00000000ed580000)
  to   space 8704K, 0% used [0x00000000ee980000,0x00000000ee980000,0x00000000ef200000)
 ParOldGen       total 35328K, used 17277K [0x00000000c1800000, 0x00000000c3a80000, 0x00000000eb300000)
  object space 35328K, 48% used [0x00000000c1800000,0x00000000c28df450,0x00000000c3a80000)
 Metaspace       used 28491K, capacity 28816K, committed 29056K, reserved 1075200K
  class space    used 3547K, capacity 3676K, committed 3712K, reserved 1048576K
}

Deoptimization events (10 events):
Event: 1.639 Thread 0x000000001756d000 Uncommon trap: reason=unstable_if action=reinterpret pc=0x0000000002841a00 method=java.util.HashMap.getNode(ILjava/lang/Object;)Ljava/util/HashMap$Node; @ 84
Event: 1.639 Thread 0x000000001756d000 Uncommon trap: reason=unstable_if action=reinterpret pc=0x0000000002807ba4 method=java.util.HashMap.getNode(ILjava/lang/Object;)Ljava/util/HashMap$Node; @ 84
Event: 1.639 Thread 0x000000001756d000 Uncommon trap: reason=unstable_if action=reinterpret pc=0x0000000002974314 method=java.util.HashMap.putVal(ILjava/lang/Object;Ljava/lang/Object;ZZ)Ljava/lang/Object; @ 109
Event: 1.682 Thread 0x000000001756d000 Uncommon trap: reason=unstable_if action=reinterpret pc=0x0000000002adb238 method=java.io.DataOutputStream.writeUTF(Ljava/lang/String;Ljava/io/DataOutput;)I @ 37
Event: 1.977 Thread 0x000000001756d000 Uncommon trap: reason=unstable_if action=reinterpret pc=0x00000000028895d8 method=java.io.WinNTFileSystem.normalize(Ljava/lang/String;)Ljava/lang/String; @ 128
Event: 2.029 Thread 0x000000001756d000 Uncommon trap: reason=unstable_if action=reinterpret pc=0x000000000277fa40 method=java.lang.CharacterData.of(I)Ljava/lang/CharacterData; @ 4
Event: 2.079 Thread 0x000000001756d000 Uncommon trap: reason=unstable_if action=reinterpret pc=0x0000000002a64f48 method=java.lang.String.indexOf([CII[CIII)I @ 27
Event: 2.079 Thread 0x000000001756d000 Uncommon trap: reason=unstable_if action=reinterpret pc=0x000000000291d588 method=java.lang.String.indexOf([CII[CIII)I @ 27
Event: 2.094 Thread 0x000000001756d000 Uncommon trap: reason=unstable_if action=reinterpret pc=0x0000000002816600 method=java.lang.String.indexOf([CII[CIII)I @ 27
Event: 3.184 Thread 0x000000001756d000 Uncommon trap: reason=unstable_if action=reinterpret pc=0x0000000002fc79b4 method=java.lang.ref.SoftReference.get()Ljava/lang/Object; @ 6

Internal exceptions (10 events):
Event: 0.302 Thread 0x000000001756d000 Exception <a 'java/security/PrivilegedActionException'> (0x00000000eb8d4618) thrown at [C:\re\workspace\8-2-build-windows-amd64-cygwin\jdk8u111\7883\hotspot\src\share\vm\prims\jvm.cpp, line 1386]
Event: 0.302 Thread 0x000000001756d000 Exception <a 'java/security/PrivilegedActionException'> (0x00000000eb8d4a10) thrown at [C:\re\workspace\8-2-build-windows-amd64-cygwin\jdk8u111\7883\hotspot\src\share\vm\prims\jvm.cpp, line 1386]
Event: 0.302 Thread 0x000000001756d000 Exception <a 'java/security/PrivilegedActionException'> (0x00000000eb8d61b0) thrown at [C:\re\workspace\8-2-build-windows-amd64-cygwin\jdk8u111\7883\hotspot\src\share\vm\prims\jvm.cpp, line 1386]
Event: 0.302 Thread 0x000000001756d000 Exception <a 'java/security/PrivilegedActionException'> (0x00000000eb8d65a8) thrown at [C:\re\workspace\8-2-build-windows-amd64-cygwin\jdk8u111\7883\hotspot\src\share\vm\prims\jvm.cpp, line 1386]
Event: 1.308 Thread 0x000000001756d000 Exception <a 'java/lang/NullPointerException'> (0x00000000eb553598) thrown at [C:\re\workspace\8-2-build-windows-amd64-cygwin\jdk8u111\7883\hotspot\src\share\vm\runtime\reflection.cpp, line 922]
Event: 1.379 Thread 0x000000001756d000 Exception <a 'java/lang/ArrayIndexOutOfBoundsException'> (0x00000000eba24be8) thrown at [C:\re\workspace\8-2-build-windows-amd64-cygwin\jdk8u111\7883\hotspot\src\share\vm\runtime\sharedRuntime.cpp, line 605]
Event: 2.312 Thread 0x000000001756d000 Exception <a 'java/lang/NullPointerException'> (0x00000000ecb6ea10) thrown at [C:\re\workspace\8-2-build-windows-amd64-cygwin\jdk8u111\7883\hotspot\src\share\vm\runtime\reflection.cpp, line 922]
Event: 2.563 Thread 0x000000001756d000 Exception <a 'java/lang/NullPointerException'> (0x00000000ebde7d58) thrown at [C:\re\workspace\8-2-build-windows-amd64-cygwin\jdk8u111\7883\hotspot\src\share\vm\runtime\reflection.cpp, line 922]
Event: 2.801 Thread 0x000000001756d000 Exception <a 'java/lang/NullPointerException'> (0x00000000ecfe9c10) thrown at [C:\re\workspace\8-2-build-windows-amd64-cygwin\jdk8u111\7883\hotspot\src\share\vm\runtime\reflection.cpp, line 922]
Event: 2.993 Thread 0x000000001756d000 Exception <a 'java/lang/NullPointerException'> (0x00000000ec1dfde8) thrown at [C:\re\workspace\8-2-build-windows-amd64-cygwin\jdk8u111\7883\hotspot\src\share\vm\runtime\reflection.cpp, line 922]

Events (10 events):
Event: 3.187 loading class java/nio/channels/InterruptibleChannel done
Event: 3.187 loading class java/nio/channels/spi/AbstractInterruptibleChannel done
Event: 3.187 loading class java/nio/channels/FileChannel done
Event: 3.187 loading class sun/nio/ch/FileChannelImpl done
Event: 3.187 loading class java/nio/file/attribute/FileAttribute
Event: 3.187 loading class java/nio/file/attribute/FileAttribute done
Event: 3.187 loading class sun/nio/ch/IOUtil
Event: 3.187 loading class sun/nio/ch/IOUtil done
Event: 3.187 loading class sun/nio/ch/IOUtil$1
Event: 3.187 loading class sun/nio/ch/IOUtil$1 done


Dynamic libraries:
0x00007ff66c240000 - 0x00007ff66c277000 	C:\Program Files\Java\jdk1.8.0_111\bin\java.exe
0x00007ffbf5b70000 - 0x00007ffbf5d65000 	C:\WINDOWS\SYSTEM32\ntdll.dll
0x00007ffbf58f0000 - 0x00007ffbf59ad000 	C:\WINDOWS\System32\KERNEL32.DLL
0x00007ffbf3770000 - 0x00007ffbf3a39000 	C:\WINDOWS\System32\KERNELBASE.dll
0x00007ffbf4d50000 - 0x00007ffbf4dfc000 	C:\WINDOWS\System32\ADVAPI32.dll
0x00007ffbf53a0000 - 0x00007ffbf543e000 	C:\WINDOWS\System32\msvcrt.dll
0x00007ffbf5a90000 - 0x00007ffbf5b2b000 	C:\WINDOWS\System32\sechost.dll
0x00007ffbf4800000 - 0x00007ffbf492a000 	C:\WINDOWS\System32\RPCRT4.dll
0x00007ffbf4970000 - 0x00007ffbf4b10000 	C:\WINDOWS\System32\USER32.dll
0x00007ffbf3a40000 - 0x00007ffbf3a62000 	C:\WINDOWS\System32\win32u.dll
0x00007ffbf3de0000 - 0x00007ffbf3e0a000 	C:\WINDOWS\System32\GDI32.dll
0x00007ffbf3a70000 - 0x00007ffbf3b7b000 	C:\WINDOWS\System32\gdi32full.dll
0x00007ffbf3540000 - 0x00007ffbf35dd000 	C:\WINDOWS\System32\msvcp_win.dll
0x00007ffbf3670000 - 0x00007ffbf3770000 	C:\WINDOWS\System32\ucrtbase.dll
0x00007ffbe8a60000 - 0x00007ffbe8cfa000 	C:\WINDOWS\WinSxS\amd64_microsoft.windows.common-controls_6595b64144ccf1df_6.0.19041.1083_none_60bbe31371f34e71\COMCTL32.dll
0x00007ffbf4930000 - 0x00007ffbf4960000 	C:\WINDOWS\System32\IMM32.DLL
0x00000000698c0000 - 0x0000000069992000 	C:\Program Files\Java\jdk1.8.0_111\jre\bin\msvcr100.dll
0x00000000699a0000 - 0x000000006a23a000 	C:\Program Files\Java\jdk1.8.0_111\jre\bin\server\jvm.dll
0x00007ffbf3cb0000 - 0x00007ffbf3cb8000 	C:\WINDOWS\System32\PSAPI.DLL
0x00007ffbe75f0000 - 0x00007ffbe75f9000 	C:\WINDOWS\SYSTEM32\WSOCK32.dll
0x00007ffbe8fd0000 - 0x00007ffbe8ff7000 	C:\WINDOWS\SYSTEM32\WINMM.dll
0x00007ffbf5880000 - 0x00007ffbf58eb000 	C:\WINDOWS\System32\WS2_32.dll
0x00007ffbec5e0000 - 0x00007ffbec5ea000 	C:\WINDOWS\SYSTEM32\VERSION.dll
0x0000000069870000 - 0x000000006987f000 	C:\Program Files\Java\jdk1.8.0_111\jre\bin\verify.dll
0x0000000069840000 - 0x0000000069869000 	C:\Program Files\Java\jdk1.8.0_111\jre\bin\java.dll
0x0000000069820000 - 0x0000000069836000 	C:\Program Files\Java\jdk1.8.0_111\jre\bin\zip.dll
0x00007ffbf40c0000 - 0x00007ffbf47ff000 	C:\WINDOWS\System32\SHELL32.dll
0x00007ffbf12a0000 - 0x00007ffbf1a31000 	C:\WINDOWS\SYSTEM32\windows.storage.dll
0x00007ffbf5440000 - 0x00007ffbf5795000 	C:\WINDOWS\System32\combase.dll
0x00007ffbf2cb0000 - 0x00007ffbf2cdc000 	C:\WINDOWS\SYSTEM32\Wldp.dll
0x00007ffbf3e10000 - 0x00007ffbf3ebe000 	C:\WINDOWS\System32\SHCORE.dll
0x00007ffbf5270000 - 0x00007ffbf52c5000 	C:\WINDOWS\System32\shlwapi.dll
0x00007ffbf31f0000 - 0x00007ffbf320f000 	C:\WINDOWS\SYSTEM32\profapi.dll
0x0000000069640000 - 0x00000000697d8000 	C:\Program Files\Java\jdk1.8.0_111\jre\bin\awt.dll
0x00007ffbf52d0000 - 0x00007ffbf539d000 	C:\WINDOWS\System32\OLEAUT32.dll
0x00007ffbf0770000 - 0x00007ffbf0800000 	C:\WINDOWS\SYSTEM32\apphelp.dll
0x00007ffbf0930000 - 0x00007ffbf09ce000 	C:\WINDOWS\system32\uxtheme.dll
0x00007ffbf3cc0000 - 0x00007ffbf3dd5000 	C:\WINDOWS\System32\MSCTF.dll
0x00007ffbf3ec0000 - 0x00007ffbf3fea000 	C:\WINDOWS\System32\ole32.dll
0x00007ffbf1b70000 - 0x00007ffbf1b82000 	C:\WINDOWS\SYSTEM32\kernel.appcore.dll
0x00007ffbf35e0000 - 0x00007ffbf3663000 	C:\WINDOWS\System32\bcryptPrimitives.dll
0x00007ffbf0ce0000 - 0x00007ffbf0d0f000 	C:\WINDOWS\system32\DWMAPI.DLL
0x00000000695f0000 - 0x0000000069637000 	C:\Program Files\Java\jdk1.8.0_111\jre\bin\fontmanager.dll
0x0000000069800000 - 0x000000006981a000 	C:\Program Files\Java\jdk1.8.0_111\jre\bin\net.dll
0x00007ffbf2a10000 - 0x00007ffbf2a7a000 	C:\WINDOWS\system32\mswsock.dll
0x00007ffbf2740000 - 0x00007ffbf280c000 	C:\WINDOWS\SYSTEM32\DNSAPI.dll
0x00007ffbf2700000 - 0x00007ffbf273b000 	C:\WINDOWS\SYSTEM32\IPHLPAPI.DLL
0x00007ffbf4960000 - 0x00007ffbf4968000 	C:\WINDOWS\System32\NSI.dll
0x00007ffbe9a40000 - 0x00007ffbe9a4a000 	C:\Windows\System32\rasadhlp.dll
0x00007ffbe8530000 - 0x00007ffbe85af000 	C:\WINDOWS\System32\fwpuclnt.dll
0x00007ffbf3510000 - 0x00007ffbf3537000 	C:\WINDOWS\System32\bcrypt.dll
0x0000000069140000 - 0x0000000069164000 	C:\Program Files\Java\jdk1.8.0_111\jre\bin\sunec.dll
0x00000000690e0000 - 0x00000000690eb000 	C:\Program Files\Java\jdk1.8.0_111\jre\bin\sunmscapi.dll
0x00007ffbf33b0000 - 0x00007ffbf350f000 	C:\WINDOWS\System32\CRYPT32.dll
0x00007ffbf2bf0000 - 0x00007ffbf2c08000 	C:\WINDOWS\SYSTEM32\CRYPTSP.dll
0x00007ffbf2350000 - 0x00007ffbf2384000 	C:\WINDOWS\system32\rsaenh.dll
0x00007ffbf31b0000 - 0x00007ffbf31de000 	C:\WINDOWS\SYSTEM32\USERENV.dll
0x00007ffbf2c10000 - 0x00007ffbf2c1c000 	C:\WINDOWS\SYSTEM32\CRYPTBASE.dll
0x00007ffbec960000 - 0x00007ffbec977000 	C:\WINDOWS\SYSTEM32\dhcpcsvc6.DLL
0x00007ffbeca50000 - 0x00007ffbeca6d000 	C:\WINDOWS\SYSTEM32\dhcpcsvc.DLL
0x00000000697e0000 - 0x00000000697f1000 	C:\Program Files\Java\jdk1.8.0_111\jre\bin\nio.dll

VM Arguments:
java_command: Pantallas.FrmPedidos
java_class_path (initial): C:\Users\Usuario\Documents\Ingenieria de Sofware 1\II Parcial\CarSoft-2.5\Coregi esto Porfa\CarSoft-Version-2.1\target\classes;C:\Users\Usuario\.m2\repository\unknown\binary\jcalendar-1.4\SNAPSHOT\jcalendar-1.4-SNAPSHOT.jar;C:\Users\Usuario\.m2\repository\org\hibernate\hibernate-entitymanager\4.3.1.Final\hibernate-entitymanager-4.3.1.Final.jar;C:\Users\Usuario\.m2\repository\org\jboss\logging\jboss-logging\3.1.3.GA\jboss-logging-3.1.3.GA.jar;C:\Users\Usuario\.m2\repository\org\jboss\logging\jboss-logging-annotations\1.2.0.Beta1\jboss-logging-annotations-1.2.0.Beta1.jar;C:\Users\Usuario\.m2\repository\org\hibernate\hibernate-core\4.3.1.Final\hibernate-core-4.3.1.Final.jar;C:\Users\Usuario\.m2\repository\antlr\antlr\2.7.7\antlr-2.7.7.jar;C:\Users\Usuario\.m2\repository\org\jboss\jandex\1.1.0.Final\jandex-1.1.0.Final.jar;C:\Users\Usuario\.m2\repository\dom4j\dom4j\1.6.1\dom4j-1.6.1.jar;C:\Users\Usuario\.m2\repository\xml-apis\xml-apis\1.0.b2\xml-apis-1.0.b2.jar;C:\Users\Usuario\.m2\repository\org\hibernate\common\hibernate-commons-annotations\4.0.4.Final\hibernate-commons-annotations-4.0.4.Final.jar;C:\Users\Usuario\.m2\repository\org\hibernate\javax\persistence\hibernate-jpa-2.1-api\1.0.0.Final\hibernate-jpa-2.1-api-1.0.0.Final.jar;C:\Users\Usuario\.m2\repository\org\jboss\spec\javax\transaction\jboss-transaction-api_1.2_spec\1.0.0.Final\jboss-transaction-api_1.2_spec-1.0.0.Final.jar;C:\Users\Usuario\.m2\repository\org\javassist\javassist\3.18.1-GA\javassist-3.18.1-GA.jar;C:\Users\Usuario\.m2\repository\mysql\mysql-connector-java\8.0.23\mysql-connector-java-8.0.23.jar;C:\Users\Usuario\.m2\repository\com\google\protobuf\protobuf-java\3.11.4\protobuf-java-3.11.4.jar;C:\Users\Usuario\.m2\repository\javax\xml\bind\jaxb-api\2.3.1\jaxb-api-2.3.1.jar;C:\Users\Usuario\.m2\repository\javax\activation\javax.activation-api\1.2.0\javax.activation-api-1.2.0.jar;C:\Users\Usuario\.m2\repository\org\glassfish\jaxb\jaxb-runtime\2.3.1\jaxb-runtime-2.3.1.jar
Launcher Type: SUN_STANDARD

Environment Variables:
JAVA_HOME=C:\Program Files\Java\jdk1.8.0_111
PATH=C:\ProgramData\Oracle\Java\javapath;%MAVEN_HOME%\bin;C:\Program Files\Microsoft MPI\Bin\;C:\WINDOWS\system32;C:\WINDOWS;C:\WINDOWS\System32\Wbem;C:\WINDOWS\System32\WindowsPowerShell\v1.0\;C:\WINDOWS\System32\OpenSSH\;C:\Program Files\Microsoft SQL Server\Client SDK\ODBC\170\Tools\Binn\;C:\Program Files (x86)\Microsoft SQL Server\150\Tools\Binn\;C:\Program Files\Microsoft SQL Server\150\Tools\Binn\;C:\Program Files\Microsoft SQL Server\150\DTS\Binn\;C:\Program Files (x86)\Microsoft SQL Server\150\DTS\Binn\;C:\Program Files\Git\cmd;C:\Program Files (x86)\Microchip\MPLAB C32 Suite\bin;C:\PROGRA~2\PICC;C:\Users\Usuario\AppData\Local\Microsoft\WindowsApps;C:\Users\Usuario\AppData\Local\Programs\Microsoft VS Code\bin;%MAVEN_HOME%\bin;
USERNAME=Usuario
OS=Windows_NT
PROCESSOR_IDENTIFIER=Intel64 Family 6 Model 142 Stepping 9, GenuineIntel



---------------  S Y S T E M  ---------------

OS: Windows 10.0 , 64 bit Build 19041 (10.0.19041.1023)

CPU:total 4 (2 cores per cpu, 2 threads per core) family 6 model 142 stepping 9, cmov, cx8, fxsr, mmx, sse, sse2, sse3, ssse3, sse4.1, sse4.2, popcnt, avx, avx2, aes, clmul, erms, 3dnowpref, lzcnt, ht, tsc, tscinvbit, bmi1, bmi2, adx

Memory: 4k page, physical 4089820k(423636k free), swap 12478428k(4456k free)

vm_info: Java HotSpot(TM) 64-Bit Server VM (25.111-b14) for windows-amd64 JRE (1.8.0_111-b14), built on Sep 22 2016 19:24:05 by "java_re" with MS VC++ 10.0 (VS2010)

time: Wed Jul 14 19:58:19 2021
elapsed time: 3 seconds (0d 0h 0m 3s)

