#
# There is insufficient memory for the Java Runtime Environment to continue.
# Native memory allocation (malloc) failed to allocate 1993936 bytes for Chunk::new
# Possible reasons:
#   The system is out of physical RAM or swap space
#   In 32 bit mode, the process size limit was hit
# Possible solutions:
#   Reduce memory load on the system
#   Increase physical memory or swap space
#   Check if swap backing store is full
#   Use 64 bit Java on a 64 bit OS
#   Decrease Java heap size (-Xmx/-Xms)
#   Decrease number of Java threads
#   Decrease Java thread stack sizes (-Xss)
#   Set larger code cache with -XX:ReservedCodeCacheSize=
# This output file may be truncated or incomplete.
#
#  Out of Memory Error (allocation.cpp:390), pid=10340, tid=0x0000000000002a14
#
# JRE version: Java(TM) SE Runtime Environment (8.0_111-b14) (build 1.8.0_111-b14)
# Java VM: Java HotSpot(TM) 64-Bit Server VM (25.111-b14 mixed mode windows-amd64 compressed oops)
# Failed to write core dump. Minidumps are not enabled by default on client versions of Windows
#

---------------  T H R E A D  ---------------

Current thread (0x0000000015326000):  JavaThread "C2 CompilerThread1" daemon [_thread_in_native, id=10772, stack(0x0000000016a90000,0x0000000016b90000)]

Stack: [0x0000000016a90000,0x0000000016b90000]
[error occurred during error reporting (printing stack bounds), id 0xc0000005]

Native frames: (J=compiled Java code, j=interpreted, Vv=VM code, C=native code)


Current CompileTask:
C2:   3157 3099       4       java.net.URLClassLoader$1::run (5 bytes)


---------------  P R O C E S S  ---------------

Java Threads: ( => current thread )
  0x0000000019cef800 JavaThread "Image Fetcher 3" daemon [_thread_blocked, id=6984, stack(0x000000001c680000,0x000000001c780000)]
  0x0000000019cee800 JavaThread "Image Fetcher 2" daemon [_thread_blocked, id=11976, stack(0x000000001c580000,0x000000001c680000)]
  0x0000000019ced000 JavaThread "Image Fetcher 1" daemon [_thread_blocked, id=3904, stack(0x000000001c480000,0x000000001c580000)]
  0x0000000019ceb800 JavaThread "Image Fetcher 0" daemon [_thread_blocked, id=12172, stack(0x000000001c380000,0x000000001c480000)]
  0x0000000019cea000 JavaThread "TimerQueue" daemon [_thread_blocked, id=6348, stack(0x000000001c280000,0x000000001c380000)]
  0x000000001a0b4800 JavaThread "pool-5-thread-1" [_thread_blocked, id=14932, stack(0x000000001bf80000,0x000000001c080000)]
  0x000000001a0d2000 JavaThread "pool-4-thread-1" [_thread_blocked, id=6284, stack(0x000000001aeb0000,0x000000001afb0000)]
  0x00000000199b6000 JavaThread "pool-3-thread-1" [_thread_blocked, id=1612, stack(0x000000001adb0000,0x000000001aeb0000)]
  0x0000000019a1c800 JavaThread "pool-2-thread-1" [_thread_blocked, id=5732, stack(0x000000001acb0000,0x000000001adb0000)]
  0x0000000017b58800 JavaThread "pool-1-thread-1" [_thread_blocked, id=14312, stack(0x000000001a5b0000,0x000000001a6b0000)]
  0x000000001796a800 JavaThread "mysql-cj-abandoned-connection-cleanup" daemon [_thread_blocked, id=7156, stack(0x0000000018da0000,0x0000000018ea0000)]
  0x0000000002b42800 JavaThread "DestroyJavaVM" [_thread_blocked, id=15092, stack(0x0000000001280000,0x0000000001380000)]
  0x0000000017083000 JavaThread "AWT-EventQueue-0" [_thread_in_native, id=11260, stack(0x00000000184a0000,0x00000000185a0000)]
  0x0000000017073800 JavaThread "AWT-Windows" daemon [_thread_in_native, id=248, stack(0x0000000017e00000,0x0000000017f00000)]
  0x0000000017059000 JavaThread "AWT-Shutdown" [_thread_blocked, id=11352, stack(0x0000000017d00000,0x0000000017e00000)]
  0x0000000017058800 JavaThread "Java2D Disposer" daemon [_thread_blocked, id=12508, stack(0x0000000017c00000,0x0000000017d00000)]
  0x0000000016cb0800 JavaThread "Service Thread" daemon [_thread_blocked, id=5548, stack(0x0000000017090000,0x0000000017190000)]
  0x000000001532c000 JavaThread "C1 CompilerThread2" daemon [_thread_blocked, id=14680, stack(0x0000000016b90000,0x0000000016c90000)]
=>0x0000000015326000 JavaThread "C2 CompilerThread1" daemon [_thread_in_native, id=10772, stack(0x0000000016a90000,0x0000000016b90000)]
  0x0000000015323800 JavaThread "C2 CompilerThread0" daemon [_thread_blocked, id=14668, stack(0x0000000016990000,0x0000000016a90000)]
  0x0000000015320800 JavaThread "Attach Listener" daemon [_thread_blocked, id=1284, stack(0x0000000016890000,0x0000000016990000)]
  0x000000001531d000 JavaThread "Signal Dispatcher" daemon [_thread_blocked, id=13808, stack(0x0000000016790000,0x0000000016890000)]
  0x0000000002c3b000 JavaThread "Finalizer" daemon [_thread_blocked, id=13556, stack(0x0000000016570000,0x0000000016670000)]
  0x0000000002c32000 JavaThread "Reference Handler" daemon [_thread_blocked, id=11612, stack(0x0000000016470000,0x0000000016570000)]

Other Threads:
  0x00000000152e7000 VMThread [stack: 0x0000000016370000,0x0000000016470000] [id=2888]
  0x0000000016cde000 WatcherThread [stack: 0x0000000017190000,0x0000000017290000] [id=3944]

VM state:not at safepoint (normal execution)

VM Mutex/Monitor currently owned by a thread: None

Heap:
 PSYoungGen      total 35328K, used 32847K [0x00000000eb300000, 0x00000000ef180000, 0x0000000100000000)
  eden space 32768K, 92% used [0x00000000eb300000,0x00000000ed09bdf8,0x00000000ed300000)
  from space 2560K, 98% used [0x00000000ed300000,0x00000000ed578020,0x00000000ed580000)
  to   space 8704K, 0% used [0x00000000ee900000,0x00000000ee900000,0x00000000ef180000)
 ParOldGen       total 36352K, used 17309K [0x00000000c1800000, 0x00000000c3b80000, 0x00000000eb300000)
  object space 36352K, 47% used [0x00000000c1800000,0x00000000c28e7610,0x00000000c3b80000)
 Metaspace       used 32772K, capacity 33124K, committed 33536K, reserved 1079296K
  class space    used 4186K, capacity 4300K, committed 4352K, reserved 1048576K

Card table byte_map: [0x00000000120f0000,0x00000000122f0000] byte_map_base: 0x0000000011ae4000

Marking Bits: (ParMarkBitMap*) 0x000000006a1ba6c0
 Begin Bits: [0x0000000012840000, 0x00000000137e0000)
 End Bits:   [0x00000000137e0000, 0x0000000014780000)

Polling page: 0x0000000000d60000

CodeCache: size=245760Kb used=11151Kb max_used=11157Kb free=234608Kb
 bounds [0x0000000002d30000, 0x0000000003820000, 0x0000000011d30000]
 total_blobs=4085 nmethods=3446 adapters=551
 compilation: enabled

Compilation events (10 events):
Event: 3.143 Thread 0x000000001532c000 nmethod 3442 0x000000000381a2d0 code [0x000000000381a440, 0x000000000381a5c8]
Event: 3.143 Thread 0x000000001532c000 3443       1       sun.java2d.loops.SurfaceType::getSuperType (5 bytes)
Event: 3.143 Thread 0x000000001532c000 nmethod 3443 0x000000000381a010 code [0x000000000381a160, 0x000000000381a270]
Event: 3.143 Thread 0x0000000015323800 nmethod 3444 0x0000000003819cd0 code [0x0000000003819e20, 0x0000000003819ef8]
Event: 3.149 Thread 0x000000001532c000 3445       3       javax.swing.plaf.synth.SynthLookAndFeel::updateStyle (44 bytes)
Event: 3.150 Thread 0x000000001532c000 nmethod 3445 0x000000000381df10 code [0x000000000381e100, 0x000000000381eab8]
Event: 3.150 Thread 0x000000001532c000 3446       3       java.awt.geom.RectangularShape::<init> (5 bytes)
Event: 3.150 Thread 0x000000001532c000 nmethod 3446 0x0000000003819910 code [0x0000000003819a60, 0x0000000003819c10]
Event: 3.151 Thread 0x000000001532c000 3447       3       java.awt.Component::isDisplayable (13 bytes)
Event: 3.151 Thread 0x000000001532c000 nmethod 3447 0x00000000038194d0 code [0x0000000003819620, 0x0000000003819870]

GC Heap History (10 events):
Event: 1.106 GC heap before
{Heap before GC invocations=4 (full 0):
 PSYoungGen      total 18944K, used 15920K [0x00000000eb300000, 0x00000000ed800000, 0x0000000100000000)
  eden space 16384K, 81% used [0x00000000eb300000,0x00000000ec00e5f0,0x00000000ec300000)
  from space 2560K, 99% used [0x00000000ec300000,0x00000000ec57dd20,0x00000000ec580000)
  to   space 2560K, 0% used [0x00000000ed580000,0x00000000ed580000,0x00000000ed800000)
 ParOldGen       total 44032K, used 3437K [0x00000000c1800000, 0x00000000c4300000, 0x00000000eb300000)
  object space 44032K, 7% used [0x00000000c1800000,0x00000000c1b5b698,0x00000000c4300000)
 Metaspace       used 20899K, capacity 21142K, committed 21248K, reserved 1067008K
  class space    used 2650K, capacity 2759K, committed 2816K, reserved 1048576K
Event: 1.111 GC heap after
Heap after GC invocations=4 (full 0):
 PSYoungGen      total 35328K, used 2550K [0x00000000eb300000, 0x00000000ed800000, 0x0000000100000000)
  eden space 32768K, 0% used [0x00000000eb300000,0x00000000eb300000,0x00000000ed300000)
  from space 2560K, 99% used [0x00000000ed580000,0x00000000ed7fd868,0x00000000ed800000)
  to   space 2560K, 0% used [0x00000000ed300000,0x00000000ed300000,0x00000000ed580000)
 ParOldGen       total 44032K, used 6722K [0x00000000c1800000, 0x00000000c4300000, 0x00000000eb300000)
  object space 44032K, 15% used [0x00000000c1800000,0x00000000c1e90968,0x00000000c4300000)
 Metaspace       used 20899K, capacity 21142K, committed 21248K, reserved 1067008K
  class space    used 2650K, capacity 2759K, committed 2816K, reserved 1048576K
}
Event: 1.111 GC heap before
{Heap before GC invocations=5 (full 1):
 PSYoungGen      total 35328K, used 2550K [0x00000000eb300000, 0x00000000ed800000, 0x0000000100000000)
  eden space 32768K, 0% used [0x00000000eb300000,0x00000000eb300000,0x00000000ed300000)
  from space 2560K, 99% used [0x00000000ed580000,0x00000000ed7fd868,0x00000000ed800000)
  to   space 2560K, 0% used [0x00000000ed300000,0x00000000ed300000,0x00000000ed580000)
 ParOldGen       total 44032K, used 6722K [0x00000000c1800000, 0x00000000c4300000, 0x00000000eb300000)
  object space 44032K, 15% used [0x00000000c1800000,0x00000000c1e90968,0x00000000c4300000)
 Metaspace       used 20899K, capacity 21142K, committed 21248K, reserved 1067008K
  class space    used 2650K, capacity 2759K, committed 2816K, reserved 1048576K
Event: 1.135 GC heap after
Heap after GC invocations=5 (full 1):
 PSYoungGen      total 35328K, used 0K [0x00000000eb300000, 0x00000000ed800000, 0x0000000100000000)
  eden space 32768K, 0% used [0x00000000eb300000,0x00000000eb300000,0x00000000ed300000)
  from space 2560K, 0% used [0x00000000ed580000,0x00000000ed580000,0x00000000ed800000)
  to   space 2560K, 0% used [0x00000000ed300000,0x00000000ed300000,0x00000000ed580000)
 ParOldGen       total 36352K, used 6194K [0x00000000c1800000, 0x00000000c3b80000, 0x00000000eb300000)
  object space 36352K, 17% used [0x00000000c1800000,0x00000000c1e0ca68,0x00000000c3b80000)
 Metaspace       used 20899K, capacity 21142K, committed 21248K, reserved 1067008K
  class space    used 2650K, capacity 2759K, committed 2816K, reserved 1048576K
}
Event: 1.635 GC heap before
{Heap before GC invocations=6 (full 1):
 PSYoungGen      total 35328K, used 32768K [0x00000000eb300000, 0x00000000ed800000, 0x0000000100000000)
  eden space 32768K, 100% used [0x00000000eb300000,0x00000000ed300000,0x00000000ed300000)
  from space 2560K, 0% used [0x00000000ed580000,0x00000000ed580000,0x00000000ed800000)
  to   space 2560K, 0% used [0x00000000ed300000,0x00000000ed300000,0x00000000ed580000)
 ParOldGen       total 36352K, used 6194K [0x00000000c1800000, 0x00000000c3b80000, 0x00000000eb300000)
  object space 36352K, 17% used [0x00000000c1800000,0x00000000c1e0ca68,0x00000000c3b80000)
 Metaspace       used 25765K, capacity 26024K, committed 26240K, reserved 1073152K
  class space    used 3309K, capacity 3440K, committed 3456K, reserved 1048576K
Event: 1.660 GC heap after
Heap after GC invocations=6 (full 1):
 PSYoungGen      total 35328K, used 2540K [0x00000000eb300000, 0x00000000ed800000, 0x0000000100000000)
  eden space 32768K, 0% used [0x00000000eb300000,0x00000000eb300000,0x00000000ed300000)
  from space 2560K, 99% used [0x00000000ed300000,0x00000000ed57b040,0x00000000ed580000)
  to   space 2560K, 0% used [0x00000000ed580000,0x00000000ed580000,0x00000000ed800000)
 ParOldGen       total 36352K, used 9410K [0x00000000c1800000, 0x00000000c3b80000, 0x00000000eb300000)
  object space 36352K, 25% used [0x00000000c1800000,0x00000000c2130af0,0x00000000c3b80000)
 Metaspace       used 25765K, capacity 26024K, committed 26240K, reserved 1073152K
  class space    used 3309K, capacity 3440K, committed 3456K, reserved 1048576K
}
Event: 2.223 GC heap before
{Heap before GC invocations=7 (full 1):
 PSYoungGen      total 35328K, used 35308K [0x00000000eb300000, 0x00000000ed800000, 0x0000000100000000)
  eden space 32768K, 100% used [0x00000000eb300000,0x00000000ed300000,0x00000000ed300000)
  from space 2560K, 99% used [0x00000000ed300000,0x00000000ed57b040,0x00000000ed580000)
  to   space 2560K, 0% used [0x00000000ed580000,0x00000000ed580000,0x00000000ed800000)
 ParOldGen       total 36352K, used 9410K [0x00000000c1800000, 0x00000000c3b80000, 0x00000000eb300000)
  object space 36352K, 25% used [0x00000000c1800000,0x00000000c2130af0,0x00000000c3b80000)
 Metaspace       used 27997K, capacity 28356K, committed 28544K, reserved 1075200K
  class space    used 3543K, capacity 3674K, committed 3712K, reserved 1048576K
Event: 2.229 GC heap after
Heap after GC invocations=7 (full 1):
 PSYoungGen      total 35328K, used 2544K [0x00000000eb300000, 0x00000000ed800000, 0x0000000100000000)
  eden space 32768K, 0% used [0x00000000eb300000,0x00000000eb300000,0x00000000ed300000)
  from space 2560K, 99% used [0x00000000ed580000,0x00000000ed7fc040,0x00000000ed800000)
  to   space 2560K, 0% used [0x00000000ed300000,0x00000000ed300000,0x00000000ed580000)
 ParOldGen       total 36352K, used 13612K [0x00000000c1800000, 0x00000000c3b80000, 0x00000000eb300000)
  object space 36352K, 37% used [0x00000000c1800000,0x00000000c254b170,0x00000000c3b80000)
 Metaspace       used 27997K, capacity 28356K, committed 28544K, reserved 1075200K
  class space    used 3543K, capacity 3674K, committed 3712K, reserved 1048576K
}
Event: 2.653 GC heap before
{Heap before GC invocations=8 (full 1):
 PSYoungGen      total 35328K, used 35312K [0x00000000eb300000, 0x00000000ed800000, 0x0000000100000000)
  eden space 32768K, 100% used [0x00000000eb300000,0x00000000ed300000,0x00000000ed300000)
  from space 2560K, 99% used [0x00000000ed580000,0x00000000ed7fc040,0x00000000ed800000)
  to   space 2560K, 0% used [0x00000000ed300000,0x00000000ed300000,0x00000000ed580000)
 ParOldGen       total 36352K, used 13612K [0x00000000c1800000, 0x00000000c3b80000, 0x00000000eb300000)
  object space 36352K, 37% used [0x00000000c1800000,0x00000000c254b170,0x00000000c3b80000)
 Metaspace       used 28507K, capacity 28816K, committed 29056K, reserved 1075200K
  class space    used 3547K, capacity 3676K, committed 3712K, reserved 1048576K
Event: 2.662 GC heap after
Heap after GC invocations=8 (full 1):
 PSYoungGen      total 35328K, used 2528K [0x00000000eb300000, 0x00000000ef180000, 0x0000000100000000)
  eden space 32768K, 0% used [0x00000000eb300000,0x00000000eb300000,0x00000000ed300000)
  from space 2560K, 98% used [0x00000000ed300000,0x00000000ed578020,0x00000000ed580000)
  to   space 8704K, 0% used [0x00000000ee900000,0x00000000ee900000,0x00000000ef180000)
 ParOldGen       total 36352K, used 17309K [0x00000000c1800000, 0x00000000c3b80000, 0x00000000eb300000)
  object space 36352K, 47% used [0x00000000c1800000,0x00000000c28e7610,0x00000000c3b80000)
 Metaspace       used 28507K, capacity 28816K, committed 29056K, reserved 1075200K
  class space    used 3547K, capacity 3676K, committed 3712K, reserved 1048576K
}

Deoptimization events (10 events):
Event: 3.088 Thread 0x0000000017083000 Uncommon trap: reason=class_check action=maybe_recompile pc=0x000000000341cb04 method=java.util.Hashtable.put(Ljava/lang/Object;Ljava/lang/Object;)Ljava/lang/Object; @ 60
Event: 3.088 Thread 0x0000000017083000 Uncommon trap: reason=class_check action=maybe_recompile pc=0x000000000341cb04 method=java.util.Hashtable.put(Ljava/lang/Object;Ljava/lang/Object;)Ljava/lang/Object; @ 60
Event: 3.088 Thread 0x0000000017083000 Uncommon trap: reason=class_check action=maybe_recompile pc=0x000000000341cb04 method=java.util.Hashtable.put(Ljava/lang/Object;Ljava/lang/Object;)Ljava/lang/Object; @ 60
Event: 3.089 Thread 0x0000000017083000 Uncommon trap: reason=class_check action=maybe_recompile pc=0x000000000341cb04 method=java.util.Hashtable.put(Ljava/lang/Object;Ljava/lang/Object;)Ljava/lang/Object; @ 60
Event: 3.091 Thread 0x0000000017083000 Uncommon trap: reason=null_check action=make_not_entrant pc=0x0000000003799af4 method=javax.swing.plaf.nimbus.DerivedColor.equals(Ljava/lang/Object;)Z @ 8
Event: 3.099 Thread 0x0000000019ceb800 Uncommon trap: reason=unstable_if action=reinterpret pc=0x00000000030cafc0 method=java.util.Properties$LineReader.readLine()I @ 180
Event: 3.100 Thread 0x0000000019ceb800 Uncommon trap: reason=unstable_if action=reinterpret pc=0x00000000030b269c method=java.util.Properties$LineReader.readLine()I @ 180
Event: 3.115 Thread 0x0000000019ceb800 Uncommon trap: reason=class_check action=maybe_recompile pc=0x0000000003025c40 method=java.io.BufferedInputStream.read([BII)I @ 101
Event: 3.117 Thread 0x0000000019ceb800 Uncommon trap: reason=class_check action=maybe_recompile pc=0x0000000003025c40 method=java.io.BufferedInputStream.read([BII)I @ 101
Event: 3.118 Thread 0x0000000019ced000 Uncommon trap: reason=class_check action=maybe_recompile pc=0x0000000003025c40 method=java.io.BufferedInputStream.read([BII)I @ 101

Internal exceptions (10 events):
Event: 0.269 Thread 0x0000000017083000 Exception <a 'java/security/PrivilegedActionException'> (0x00000000eb8d4940) thrown at [C:\re\workspace\8-2-build-windows-amd64-cygwin\jdk8u111\7883\hotspot\src\share\vm\prims\jvm.cpp, line 1386]
Event: 0.269 Thread 0x0000000017083000 Exception <a 'java/security/PrivilegedActionException'> (0x00000000eb8d60e0) thrown at [C:\re\workspace\8-2-build-windows-amd64-cygwin\jdk8u111\7883\hotspot\src\share\vm\prims\jvm.cpp, line 1386]
Event: 0.269 Thread 0x0000000017083000 Exception <a 'java/security/PrivilegedActionException'> (0x00000000eb8d64d8) thrown at [C:\re\workspace\8-2-build-windows-amd64-cygwin\jdk8u111\7883\hotspot\src\share\vm\prims\jvm.cpp, line 1386]
Event: 1.172 Thread 0x0000000017083000 Exception <a 'java/lang/NullPointerException'> (0x00000000eb544d38) thrown at [C:\re\workspace\8-2-build-windows-amd64-cygwin\jdk8u111\7883\hotspot\src\share\vm\runtime\reflection.cpp, line 922]
Event: 1.247 Thread 0x0000000017083000 Exception <a 'java/lang/ArrayIndexOutOfBoundsException'> (0x00000000eb9df950) thrown at [C:\re\workspace\8-2-build-windows-amd64-cygwin\jdk8u111\7883\hotspot\src\share\vm\runtime\sharedRuntime.cpp, line 605]
Event: 2.162 Thread 0x0000000017083000 Exception <a 'java/lang/NullPointerException'> (0x00000000ecb2ab28) thrown at [C:\re\workspace\8-2-build-windows-amd64-cygwin\jdk8u111\7883\hotspot\src\share\vm\runtime\reflection.cpp, line 922]
Event: 2.374 Thread 0x0000000017083000 Exception <a 'java/lang/NullPointerException'> (0x00000000ebda5470) thrown at [C:\re\workspace\8-2-build-windows-amd64-cygwin\jdk8u111\7883\hotspot\src\share\vm\runtime\reflection.cpp, line 922]
Event: 2.614 Thread 0x0000000017083000 Exception <a 'java/lang/NullPointerException'> (0x00000000ecf9cb28) thrown at [C:\re\workspace\8-2-build-windows-amd64-cygwin\jdk8u111\7883\hotspot\src\share\vm\runtime\reflection.cpp, line 922]
Event: 2.817 Thread 0x0000000017083000 Exception <a 'java/lang/NullPointerException'> (0x00000000ec1924c0) thrown at [C:\re\workspace\8-2-build-windows-amd64-cygwin\jdk8u111\7883\hotspot\src\share\vm\runtime\reflection.cpp, line 922]
Event: 3.091 Thread 0x0000000017083000 Implicit null exception at 0x00000000037997da to 0x0000000003799ae5

Events (10 events):
Event: 3.149 loading class java/awt/peer/LightweightPeer
Event: 3.149 loading class java/awt/peer/LightweightPeer done
Event: 3.149 loading class sun/awt/NullComponentPeer
Event: 3.149 loading class sun/awt/NullComponentPeer done
Event: 3.150 loading class java/applet/Applet
Event: 3.150 loading class java/awt/Panel
Event: 3.150 loading class java/awt/Panel done
Event: 3.150 loading class java/applet/Applet done
Event: 3.150 loading class javax/swing/plaf/nimbus/ComboBoxArrowButtonPainter
Event: 3.150 loading class javax/swing/plaf/nimbus/ComboBoxArrowButtonPainter done


Dynamic libraries:
0x00007ff66c240000 - 0x00007ff66c277000 	C:\Program Files\Java\jdk1.8.0_111\bin\java.exe
0x00007ffbf5b70000 - 0x00007ffbf5d65000 	C:\WINDOWS\SYSTEM32\ntdll.dll
0x00007ffbf58f0000 - 0x00007ffbf59ad000 	C:\WINDOWS\System32\KERNEL32.DLL
0x00007ffbf3770000 - 0x00007ffbf3a39000 	C:\WINDOWS\System32\KERNELBASE.dll
0x00007ffbf4d50000 - 0x00007ffbf4dfc000 	C:\WINDOWS\System32\ADVAPI32.dll
0x00007ffbf53a0000 - 0x00007ffbf543e000 	C:\WINDOWS\System32\msvcrt.dll
0x00007ffbf5a90000 - 0x00007ffbf5b2b000 	C:\WINDOWS\System32\sechost.dll
0x00007ffbf4800000 - 0x00007ffbf492a000 	C:\WINDOWS\System32\RPCRT4.dll
0x00007ffbf4970000 - 0x00007ffbf4b10000 	C:\WINDOWS\System32\USER32.dll
0x00007ffbf3a40000 - 0x00007ffbf3a62000 	C:\WINDOWS\System32\win32u.dll
0x00007ffbf3de0000 - 0x00007ffbf3e0a000 	C:\WINDOWS\System32\GDI32.dll
0x00007ffbf3a70000 - 0x00007ffbf3b7b000 	C:\WINDOWS\System32\gdi32full.dll
0x00007ffbf3540000 - 0x00007ffbf35dd000 	C:\WINDOWS\System32\msvcp_win.dll
0x00007ffbf3670000 - 0x00007ffbf3770000 	C:\WINDOWS\System32\ucrtbase.dll
0x00007ffbe8a60000 - 0x00007ffbe8cfa000 	C:\WINDOWS\WinSxS\amd64_microsoft.windows.common-controls_6595b64144ccf1df_6.0.19041.1083_none_60bbe31371f34e71\COMCTL32.dll
0x00007ffbf4930000 - 0x00007ffbf4960000 	C:\WINDOWS\System32\IMM32.DLL
0x00000000698c0000 - 0x0000000069992000 	C:\Program Files\Java\jdk1.8.0_111\jre\bin\msvcr100.dll
0x00000000699a0000 - 0x000000006a23a000 	C:\Program Files\Java\jdk1.8.0_111\jre\bin\server\jvm.dll
0x00007ffbf3cb0000 - 0x00007ffbf3cb8000 	C:\WINDOWS\System32\PSAPI.DLL
0x00007ffbe8fd0000 - 0x00007ffbe8ff7000 	C:\WINDOWS\SYSTEM32\WINMM.dll
0x00007ffbec5e0000 - 0x00007ffbec5ea000 	C:\WINDOWS\SYSTEM32\VERSION.dll
0x00007ffbe75f0000 - 0x00007ffbe75f9000 	C:\WINDOWS\SYSTEM32\WSOCK32.dll
0x00007ffbf5880000 - 0x00007ffbf58eb000 	C:\WINDOWS\System32\WS2_32.dll
0x0000000069870000 - 0x000000006987f000 	C:\Program Files\Java\jdk1.8.0_111\jre\bin\verify.dll
0x0000000069840000 - 0x0000000069869000 	C:\Program Files\Java\jdk1.8.0_111\jre\bin\java.dll
0x0000000069820000 - 0x0000000069836000 	C:\Program Files\Java\jdk1.8.0_111\jre\bin\zip.dll
0x00007ffbf40c0000 - 0x00007ffbf47ff000 	C:\WINDOWS\System32\SHELL32.dll
0x00007ffbf12a0000 - 0x00007ffbf1a31000 	C:\WINDOWS\SYSTEM32\windows.storage.dll
0x00007ffbf5440000 - 0x00007ffbf5795000 	C:\WINDOWS\System32\combase.dll
0x00007ffbf2cb0000 - 0x00007ffbf2cdc000 	C:\WINDOWS\SYSTEM32\Wldp.dll
0x00007ffbf3e10000 - 0x00007ffbf3ebe000 	C:\WINDOWS\System32\SHCORE.dll
0x00007ffbf5270000 - 0x00007ffbf52c5000 	C:\WINDOWS\System32\shlwapi.dll
0x00007ffbf31f0000 - 0x00007ffbf320f000 	C:\WINDOWS\SYSTEM32\profapi.dll
0x0000000069640000 - 0x00000000697d8000 	C:\Program Files\Java\jdk1.8.0_111\jre\bin\awt.dll
0x00007ffbf52d0000 - 0x00007ffbf539d000 	C:\WINDOWS\System32\OLEAUT32.dll
0x00007ffbf0770000 - 0x00007ffbf0800000 	C:\WINDOWS\SYSTEM32\apphelp.dll
0x00007ffbf0930000 - 0x00007ffbf09ce000 	C:\WINDOWS\system32\uxtheme.dll
0x00007ffbf3cc0000 - 0x00007ffbf3dd5000 	C:\WINDOWS\System32\MSCTF.dll
0x00007ffbf3ec0000 - 0x00007ffbf3fea000 	C:\WINDOWS\System32\ole32.dll
0x00007ffbf1b70000 - 0x00007ffbf1b82000 	C:\WINDOWS\SYSTEM32\kernel.appcore.dll
0x00007ffbf35e0000 - 0x00007ffbf3663000 	C:\WINDOWS\System32\bcryptPrimitives.dll
0x00007ffbf0ce0000 - 0x00007ffbf0d0f000 	C:\WINDOWS\system32\DWMAPI.DLL
0x00000000695f0000 - 0x0000000069637000 	C:\Program Files\Java\jdk1.8.0_111\jre\bin\fontmanager.dll
0x0000000069800000 - 0x000000006981a000 	C:\Program Files\Java\jdk1.8.0_111\jre\bin\net.dll
0x00007ffbf2a10000 - 0x00007ffbf2a7a000 	C:\WINDOWS\system32\mswsock.dll
0x00007ffbf2740000 - 0x00007ffbf280c000 	C:\WINDOWS\SYSTEM32\DNSAPI.dll
0x00007ffbf2700000 - 0x00007ffbf273b000 	C:\WINDOWS\SYSTEM32\IPHLPAPI.DLL
0x00007ffbf4960000 - 0x00007ffbf4968000 	C:\WINDOWS\System32\NSI.dll
0x00007ffbe9a40000 - 0x00007ffbe9a4a000 	C:\Windows\System32\rasadhlp.dll
0x00007ffbe8530000 - 0x00007ffbe85af000 	C:\WINDOWS\System32\fwpuclnt.dll
0x00007ffbf3510000 - 0x00007ffbf3537000 	C:\WINDOWS\System32\bcrypt.dll
0x0000000069140000 - 0x0000000069164000 	C:\Program Files\Java\jdk1.8.0_111\jre\bin\sunec.dll
0x00000000690e0000 - 0x00000000690eb000 	C:\Program Files\Java\jdk1.8.0_111\jre\bin\sunmscapi.dll
0x00007ffbf33b0000 - 0x00007ffbf350f000 	C:\WINDOWS\System32\CRYPT32.dll
0x00007ffbf2bf0000 - 0x00007ffbf2c08000 	C:\WINDOWS\SYSTEM32\CRYPTSP.dll
0x00007ffbf2350000 - 0x00007ffbf2384000 	C:\WINDOWS\system32\rsaenh.dll
0x00007ffbf31b0000 - 0x00007ffbf31de000 	C:\WINDOWS\SYSTEM32\USERENV.dll
0x00007ffbf2c10000 - 0x00007ffbf2c1c000 	C:\WINDOWS\SYSTEM32\CRYPTBASE.dll
0x00007ffbec960000 - 0x00007ffbec977000 	C:\WINDOWS\SYSTEM32\dhcpcsvc6.DLL
0x00007ffbeca50000 - 0x00007ffbeca6d000 	C:\WINDOWS\SYSTEM32\dhcpcsvc.DLL
0x00000000697e0000 - 0x00000000697f1000 	C:\Program Files\Java\jdk1.8.0_111\jre\bin\nio.dll
0x00000000695a0000 - 0x00000000695e2000 	C:\Program Files\Java\jdk1.8.0_111\jre\bin\t2k.dll
0x00007ffbf4010000 - 0x00007ffbf40b9000 	C:\WINDOWS\System32\clbcatq.dll
0x00007ffbe2cd0000 - 0x00007ffbe2e84000 	C:\WINDOWS\SYSTEM32\WindowsCodecs.dll

VM Arguments:
java_command: Pantallas.FrmPedidos
java_class_path (initial): C:\Users\Usuario\Documents\Ingenieria de Sofware 1\II Parcial\CarSoft-2.5\Coregi esto Porfa\CarSoft-Version-2.1\target\classes;C:\Users\Usuario\.m2\repository\unknown\binary\jcalendar-1.4\SNAPSHOT\jcalendar-1.4-SNAPSHOT.jar;C:\Users\Usuario\.m2\repository\org\hibernate\hibernate-entitymanager\4.3.1.Final\hibernate-entitymanager-4.3.1.Final.jar;C:\Users\Usuario\.m2\repository\org\jboss\logging\jboss-logging\3.1.3.GA\jboss-logging-3.1.3.GA.jar;C:\Users\Usuario\.m2\repository\org\jboss\logging\jboss-logging-annotations\1.2.0.Beta1\jboss-logging-annotations-1.2.0.Beta1.jar;C:\Users\Usuario\.m2\repository\org\hibernate\hibernate-core\4.3.1.Final\hibernate-core-4.3.1.Final.jar;C:\Users\Usuario\.m2\repository\antlr\antlr\2.7.7\antlr-2.7.7.jar;C:\Users\Usuario\.m2\repository\org\jboss\jandex\1.1.0.Final\jandex-1.1.0.Final.jar;C:\Users\Usuario\.m2\repository\dom4j\dom4j\1.6.1\dom4j-1.6.1.jar;C:\Users\Usuario\.m2\repository\xml-apis\xml-apis\1.0.b2\xml-apis-1.0.b2.jar;C:\Users\Usuario\.m2\repository\org\hibernate\common\hibernate-commons-annotations\4.0.4.Final\hibernate-commons-annotations-4.0.4.Final.jar;C:\Users\Usuario\.m2\repository\org\hibernate\javax\persistence\hibernate-jpa-2.1-api\1.0.0.Final\hibernate-jpa-2.1-api-1.0.0.Final.jar;C:\Users\Usuario\.m2\repository\org\jboss\spec\javax\transaction\jboss-transaction-api_1.2_spec\1.0.0.Final\jboss-transaction-api_1.2_spec-1.0.0.Final.jar;C:\Users\Usuario\.m2\repository\org\javassist\javassist\3.18.1-GA\javassist-3.18.1-GA.jar;C:\Users\Usuario\.m2\repository\mysql\mysql-connector-java\8.0.23\mysql-connector-java-8.0.23.jar;C:\Users\Usuario\.m2\repository\com\google\protobuf\protobuf-java\3.11.4\protobuf-java-3.11.4.jar;C:\Users\Usuario\.m2\repository\javax\xml\bind\jaxb-api\2.3.1\jaxb-api-2.3.1.jar;C:\Users\Usuario\.m2\repository\javax\activation\javax.activation-api\1.2.0\javax.activation-api-1.2.0.jar;C:\Users\Usuario\.m2\repository\org\glassfish\jaxb\jaxb-runtime\2.3.1\jaxb-runtime-2.3.1.jar
Launcher Type: SUN_STANDARD

Environment Variables:
JAVA_HOME=C:\Program Files\Java\jdk1.8.0_111
PATH=C:\ProgramData\Oracle\Java\javapath;%MAVEN_HOME%\bin;C:\Program Files\Microsoft MPI\Bin\;C:\WINDOWS\system32;C:\WINDOWS;C:\WINDOWS\System32\Wbem;C:\WINDOWS\System32\WindowsPowerShell\v1.0\;C:\WINDOWS\System32\OpenSSH\;C:\Program Files\Microsoft SQL Server\Client SDK\ODBC\170\Tools\Binn\;C:\Program Files (x86)\Microsoft SQL Server\150\Tools\Binn\;C:\Program Files\Microsoft SQL Server\150\Tools\Binn\;C:\Program Files\Microsoft SQL Server\150\DTS\Binn\;C:\Program Files (x86)\Microsoft SQL Server\150\DTS\Binn\;C:\Program Files\Git\cmd;C:\Program Files (x86)\Microchip\MPLAB C32 Suite\bin;C:\PROGRA~2\PICC;C:\Users\Usuario\AppData\Local\Microsoft\WindowsApps;C:\Users\Usuario\AppData\Local\Programs\Microsoft VS Code\bin;%MAVEN_HOME%\bin;
USERNAME=Usuario
OS=Windows_NT
PROCESSOR_IDENTIFIER=Intel64 Family 6 Model 142 Stepping 9, GenuineIntel



---------------  S Y S T E M  ---------------

OS: Windows 10.0 , 64 bit Build 19041 (10.0.19041.1023)

CPU:total 4 (2 cores per cpu, 2 threads per core) family 6 model 142 stepping 9, cmov, cx8, fxsr, mmx, sse, sse2, sse3, ssse3, sse4.1, sse4.2, popcnt, avx, avx2, aes, clmul, erms, 3dnowpref, lzcnt, ht, tsc, tscinvbit, bmi1, bmi2, adx

Memory: 4k page, physical 4089820k(721980k free), swap 12478428k(5908k free)

vm_info: Java HotSpot(TM) 64-Bit Server VM (25.111-b14) for windows-amd64 JRE (1.8.0_111-b14), built on Sep 22 2016 19:24:05 by "java_re" with MS VC++ 10.0 (VS2010)

time: Wed Jul 14 19:58:35 2021
elapsed time: 3 seconds (0d 0h 0m 3s)

