#
# There is insufficient memory for the Java Runtime Environment to continue.
# Native memory allocation (malloc) failed to allocate 373376 bytes for Chunk::new
# Possible reasons:
#   The system is out of physical RAM or swap space
#   In 32 bit mode, the process size limit was hit
# Possible solutions:
#   Reduce memory load on the system
#   Increase physical memory or swap space
#   Check if swap backing store is full
#   Use 64 bit Java on a 64 bit OS
#   Decrease Java heap size (-Xmx/-Xms)
#   Decrease number of Java threads
#   Decrease Java thread stack sizes (-Xss)
#   Set larger code cache with -XX:ReservedCodeCacheSize=
# This output file may be truncated or incomplete.
#
#  Out of Memory Error (allocation.cpp:390), pid=15200, tid=0x0000000000001e7c
#
# JRE version: Java(TM) SE Runtime Environment (8.0_111-b14) (build 1.8.0_111-b14)
# Java VM: Java HotSpot(TM) 64-Bit Server VM (25.111-b14 mixed mode windows-amd64 compressed oops)
# Failed to write core dump. Minidumps are not enabled by default on client versions of Windows
#

---------------  T H R E A D  ---------------

Current thread (0x0000000014daa800):  JavaThread "C2 CompilerThread1" daemon [_thread_in_native, id=7804, stack(0x0000000016520000,0x0000000016620000)]

Stack: [0x0000000016520000,0x0000000016620000]
[error occurred during error reporting (printing stack bounds), id 0xc0000005]

Native frames: (J=compiled Java code, j=interpreted, Vv=VM code, C=native code)


Current CompileTask:
C2:   1722 1464   !   4       java.net.URL::<init> (543 bytes)


---------------  P R O C E S S  ---------------

Java Threads: ( => current thread )
  0x0000000017596000 JavaThread "pool-1-thread-1" [_thread_blocked, id=11744, stack(0x0000000019fd0000,0x000000001a0d0000)]
  0x00000000174de000 JavaThread "mysql-cj-abandoned-connection-cleanup" daemon [_thread_blocked, id=14716, stack(0x00000000187c0000,0x00000000188c0000)]
  0x00000000026b2800 JavaThread "DestroyJavaVM" [_thread_blocked, id=5180, stack(0x00000000024d0000,0x00000000025d0000)]
  0x0000000016f25000 JavaThread "AWT-EventQueue-0" [_thread_in_vm, id=13020, stack(0x0000000017ec0000,0x0000000017fc0000)]
  0x0000000016b10000 JavaThread "AWT-Windows" daemon [_thread_in_native, id=11276, stack(0x0000000017890000,0x0000000017990000)]
  0x0000000016b09800 JavaThread "AWT-Shutdown" [_thread_blocked, id=9700, stack(0x0000000017790000,0x0000000017890000)]
  0x0000000016b07000 JavaThread "Java2D Disposer" daemon [_thread_blocked, id=4504, stack(0x0000000017690000,0x0000000017790000)]
  0x0000000014dfe000 JavaThread "Service Thread" daemon [_thread_blocked, id=14892, stack(0x0000000016b20000,0x0000000016c20000)]
  0x0000000014dae000 JavaThread "C1 CompilerThread2" daemon [_thread_blocked, id=860, stack(0x0000000016620000,0x0000000016720000)]
=>0x0000000014daa800 JavaThread "C2 CompilerThread1" daemon [_thread_in_native, id=7804, stack(0x0000000016520000,0x0000000016620000)]
  0x0000000014da4800 JavaThread "C2 CompilerThread0" daemon [_thread_blocked, id=5540, stack(0x0000000016420000,0x0000000016520000)]
  0x0000000014da1800 JavaThread "Attach Listener" daemon [_thread_blocked, id=4628, stack(0x0000000016320000,0x0000000016420000)]
  0x0000000014d9e800 JavaThread "Signal Dispatcher" daemon [_thread_blocked, id=7736, stack(0x0000000016220000,0x0000000016320000)]
  0x0000000014d8a000 JavaThread "Finalizer" daemon [_thread_blocked, id=10456, stack(0x0000000016000000,0x0000000016100000)]
  0x00000000027a2000 JavaThread "Reference Handler" daemon [_thread_blocked, id=2584, stack(0x0000000015f00000,0x0000000016000000)]

Other Threads:
  0x0000000014d67000 VMThread [stack: 0x0000000015e00000,0x0000000015f00000] [id=8620]
  0x0000000016787000 WatcherThread [stack: 0x0000000016c20000,0x0000000016d20000] [id=4048]

VM state:not at safepoint (normal execution)

VM Mutex/Monitor currently owned by a thread: None

Heap:
 PSYoungGen      total 35328K, used 14743K [0x00000000eb300000, 0x00000000ed800000, 0x0000000100000000)
  eden space 32768K, 44% used [0x00000000eb300000,0x00000000ec165e58,0x00000000ed300000)
  from space 2560K, 0% used [0x00000000ed580000,0x00000000ed580000,0x00000000ed800000)
  to   space 2560K, 0% used [0x00000000ed300000,0x00000000ed300000,0x00000000ed580000)
 ParOldGen       total 35840K, used 5869K [0x00000000c1800000, 0x00000000c3b00000, 0x00000000eb300000)
  object space 35840K, 16% used [0x00000000c1800000,0x00000000c1dbb570,0x00000000c3b00000)
 Metaspace       used 23433K, capacity 23696K, committed 23936K, reserved 1071104K
  class space    used 2996K, capacity 3116K, committed 3200K, reserved 1048576K

Card table byte_map: [0x0000000011b70000,0x0000000011d70000] byte_map_base: 0x0000000011564000

Marking Bits: (ParMarkBitMap*) 0x000000006a1ba6c0
 Begin Bits: [0x00000000122c0000, 0x0000000013260000)
 End Bits:   [0x0000000013260000, 0x0000000014200000)

Polling page: 0x0000000000c50000

CodeCache: size=245760Kb used=4835Kb max_used=4835Kb free=240924Kb
 bounds [0x00000000027b0000, 0x0000000002c70000, 0x00000000117b0000]
 total_blobs=1989 nmethods=1468 adapters=434
 compilation: enabled

Compilation events (10 events):
Event: 1.700 Thread 0x0000000014dae000 1465       3       java.lang.Class$MethodArray::add (72 bytes)
Event: 1.700 Thread 0x0000000014dae000 nmethod 1465 0x0000000002c68190 code [0x0000000002c68340, 0x0000000002c68c78]
Event: 1.703 Thread 0x0000000014dae000 1466       3       sun.util.calendar.BaseCalendar::getFixedDate (324 bytes)
Event: 1.705 Thread 0x0000000014dae000 nmethod 1466 0x0000000002c68f10 code [0x0000000002c69200, 0x0000000002c6b3f0]
Event: 1.707 Thread 0x0000000014dae000 1467       3       java.lang.Class$ReflectionData::<init> (10 bytes)
Event: 1.707 Thread 0x0000000014dae000 nmethod 1467 0x0000000002c62490 code [0x0000000002c625e0, 0x0000000002c62790]
Event: 1.707 Thread 0x0000000014dae000 1468       3       java.lang.Class$Atomic::casReflectionData (13 bytes)
Event: 1.707 Thread 0x0000000014dae000 nmethod 1468 0x0000000002c62150 code [0x0000000002c622a0, 0x0000000002c62410]
Event: 1.719 Thread 0x0000000014dae000 1469       3       java.util.Hashtable::rehash (142 bytes)
Event: 1.720 Thread 0x0000000014dae000 nmethod 1469 0x0000000002c676d0 code [0x0000000002c678a0, 0x0000000002c67ee8]

GC Heap History (10 events):
Event: 0.448 GC heap before
{Heap before GC invocations=1 (full 0):
 PSYoungGen      total 18944K, used 16359K [0x00000000eb300000, 0x00000000ec800000, 0x0000000100000000)
  eden space 16384K, 99% used [0x00000000eb300000,0x00000000ec2f9dd0,0x00000000ec300000)
  from space 2560K, 0% used [0x00000000ec580000,0x00000000ec580000,0x00000000ec800000)
  to   space 2560K, 0% used [0x00000000ec300000,0x00000000ec300000,0x00000000ec580000)
 ParOldGen       total 44032K, used 0K [0x00000000c1800000, 0x00000000c4300000, 0x00000000eb300000)
  object space 44032K, 0% used [0x00000000c1800000,0x00000000c1800000,0x00000000c4300000)
 Metaspace       used 9487K, capacity 9656K, committed 9856K, reserved 1058816K
  class space    used 1206K, capacity 1282K, committed 1408K, reserved 1048576K
Event: 0.451 GC heap after
Heap after GC invocations=1 (full 0):
 PSYoungGen      total 18944K, used 2203K [0x00000000eb300000, 0x00000000ec800000, 0x0000000100000000)
  eden space 16384K, 0% used [0x00000000eb300000,0x00000000eb300000,0x00000000ec300000)
  from space 2560K, 86% used [0x00000000ec300000,0x00000000ec526d80,0x00000000ec580000)
  to   space 2560K, 0% used [0x00000000ec580000,0x00000000ec580000,0x00000000ec800000)
 ParOldGen       total 44032K, used 8K [0x00000000c1800000, 0x00000000c4300000, 0x00000000eb300000)
  object space 44032K, 0% used [0x00000000c1800000,0x00000000c1802000,0x00000000c4300000)
 Metaspace       used 9487K, capacity 9656K, committed 9856K, reserved 1058816K
  class space    used 1206K, capacity 1282K, committed 1408K, reserved 1048576K
}
Event: 0.811 GC heap before
{Heap before GC invocations=2 (full 0):
 PSYoungGen      total 18944K, used 18587K [0x00000000eb300000, 0x00000000ec800000, 0x0000000100000000)
  eden space 16384K, 100% used [0x00000000eb300000,0x00000000ec300000,0x00000000ec300000)
  from space 2560K, 86% used [0x00000000ec300000,0x00000000ec526d80,0x00000000ec580000)
  to   space 2560K, 0% used [0x00000000ec580000,0x00000000ec580000,0x00000000ec800000)
 ParOldGen       total 44032K, used 8K [0x00000000c1800000, 0x00000000c4300000, 0x00000000eb300000)
  object space 44032K, 0% used [0x00000000c1800000,0x00000000c1802000,0x00000000c4300000)
 Metaspace       used 15001K, capacity 15268K, committed 15360K, reserved 1062912K
  class space    used 1874K, capacity 1958K, committed 2048K, reserved 1048576K
Event: 0.817 GC heap after
Heap after GC invocations=2 (full 0):
 PSYoungGen      total 18944K, used 2534K [0x00000000eb300000, 0x00000000ed800000, 0x0000000100000000)
  eden space 16384K, 0% used [0x00000000eb300000,0x00000000eb300000,0x00000000ec300000)
  from space 2560K, 98% used [0x00000000ec580000,0x00000000ec7f9858,0x00000000ec800000)
  to   space 2560K, 0% used [0x00000000ec300000,0x00000000ec300000,0x00000000ec580000)
 ParOldGen       total 44032K, used 1628K [0x00000000c1800000, 0x00000000c4300000, 0x00000000eb300000)
  object space 44032K, 3% used [0x00000000c1800000,0x00000000c1997158,0x00000000c4300000)
 Metaspace       used 15001K, capacity 15268K, committed 15360K, reserved 1062912K
  class space    used 1874K, capacity 1958K, committed 2048K, reserved 1048576K
}
Event: 1.133 GC heap before
{Heap before GC invocations=3 (full 0):
 PSYoungGen      total 18944K, used 18918K [0x00000000eb300000, 0x00000000ed800000, 0x0000000100000000)
  eden space 16384K, 100% used [0x00000000eb300000,0x00000000ec300000,0x00000000ec300000)
  from space 2560K, 98% used [0x00000000ec580000,0x00000000ec7f9858,0x00000000ec800000)
  to   space 2560K, 0% used [0x00000000ec300000,0x00000000ec300000,0x00000000ec580000)
 ParOldGen       total 44032K, used 1628K [0x00000000c1800000, 0x00000000c4300000, 0x00000000eb300000)
  object space 44032K, 3% used [0x00000000c1800000,0x00000000c1997158,0x00000000c4300000)
 Metaspace       used 16913K, capacity 17098K, committed 17408K, reserved 1064960K
  class space    used 2179K, capacity 2247K, committed 2304K, reserved 1048576K
Event: 1.138 GC heap after
Heap after GC invocations=3 (full 0):
 PSYoungGen      total 18944K, used 2535K [0x00000000eb300000, 0x00000000ed800000, 0x0000000100000000)
  eden space 16384K, 0% used [0x00000000eb300000,0x00000000eb300000,0x00000000ec300000)
  from space 2560K, 99% used [0x00000000ec300000,0x00000000ec579d10,0x00000000ec580000)
  to   space 2560K, 0% used [0x00000000ed580000,0x00000000ed580000,0x00000000ed800000)
 ParOldGen       total 44032K, used 3437K [0x00000000c1800000, 0x00000000c4300000, 0x00000000eb300000)
  object space 44032K, 7% used [0x00000000c1800000,0x00000000c1b5b590,0x00000000c4300000)
 Metaspace       used 16913K, capacity 17098K, committed 17408K, reserved 1064960K
  class space    used 2179K, capacity 2247K, committed 2304K, reserved 1048576K
}
Event: 1.419 GC heap before
{Heap before GC invocations=4 (full 0):
 PSYoungGen      total 18944K, used 15752K [0x00000000eb300000, 0x00000000ed800000, 0x0000000100000000)
  eden space 16384K, 80% used [0x00000000eb300000,0x00000000ebfe8648,0x00000000ec300000)
  from space 2560K, 99% used [0x00000000ec300000,0x00000000ec579d10,0x00000000ec580000)
  to   space 2560K, 0% used [0x00000000ed580000,0x00000000ed580000,0x00000000ed800000)
 ParOldGen       total 44032K, used 3437K [0x00000000c1800000, 0x00000000c4300000, 0x00000000eb300000)
  object space 44032K, 7% used [0x00000000c1800000,0x00000000c1b5b590,0x00000000c4300000)
 Metaspace       used 20900K, capacity 21142K, committed 21248K, reserved 1067008K
  class space    used 2647K, capacity 2759K, committed 2816K, reserved 1048576K
Event: 1.425 GC heap after
Heap after GC invocations=4 (full 0):
 PSYoungGen      total 35328K, used 2534K [0x00000000eb300000, 0x00000000ed800000, 0x0000000100000000)
  eden space 32768K, 0% used [0x00000000eb300000,0x00000000eb300000,0x00000000ed300000)
  from space 2560K, 98% used [0x00000000ed580000,0x00000000ed7f9838,0x00000000ed800000)
  to   space 2560K, 0% used [0x00000000ed300000,0x00000000ed300000,0x00000000ed580000)
 ParOldGen       total 44032K, used 6389K [0x00000000c1800000, 0x00000000c4300000, 0x00000000eb300000)
  object space 44032K, 14% used [0x00000000c1800000,0x00000000c1e3d440,0x00000000c4300000)
 Metaspace       used 20900K, capacity 21142K, committed 21248K, reserved 1067008K
  class space    used 2647K, capacity 2759K, committed 2816K, reserved 1048576K
}
Event: 1.425 GC heap before
{Heap before GC invocations=5 (full 1):
 PSYoungGen      total 35328K, used 2534K [0x00000000eb300000, 0x00000000ed800000, 0x0000000100000000)
  eden space 32768K, 0% used [0x00000000eb300000,0x00000000eb300000,0x00000000ed300000)
  from space 2560K, 98% used [0x00000000ed580000,0x00000000ed7f9838,0x00000000ed800000)
  to   space 2560K, 0% used [0x00000000ed300000,0x00000000ed300000,0x00000000ed580000)
 ParOldGen       total 44032K, used 6389K [0x00000000c1800000, 0x00000000c4300000, 0x00000000eb300000)
  object space 44032K, 14% used [0x00000000c1800000,0x00000000c1e3d440,0x00000000c4300000)
 Metaspace       used 20900K, capacity 21142K, committed 21248K, reserved 1067008K
  class space    used 2647K, capacity 2759K, committed 2816K, reserved 1048576K
Event: 1.454 GC heap after
Heap after GC invocations=5 (full 1):
 PSYoungGen      total 35328K, used 0K [0x00000000eb300000, 0x00000000ed800000, 0x0000000100000000)
  eden space 32768K, 0% used [0x00000000eb300000,0x00000000eb300000,0x00000000ed300000)
  from space 2560K, 0% used [0x00000000ed580000,0x00000000ed580000,0x00000000ed800000)
  to   space 2560K, 0% used [0x00000000ed300000,0x00000000ed300000,0x00000000ed580000)
 ParOldGen       total 35840K, used 5869K [0x00000000c1800000, 0x00000000c3b00000, 0x00000000eb300000)
  object space 35840K, 16% used [0x00000000c1800000,0x00000000c1dbb570,0x00000000c3b00000)
 Metaspace       used 20900K, capacity 21142K, committed 21248K, reserved 1067008K
  class space    used 2647K, capacity 2759K, committed 2816K, reserved 1048576K
}

Deoptimization events (10 events):
Event: 0.649 Thread 0x0000000016f25000 Uncommon trap: reason=bimorphic action=maybe_recompile pc=0x00000000029e3734 method=java.util.HashMap.putVal(ILjava/lang/Object;Ljava/lang/Object;ZZ)Ljava/lang/Object; @ 152
Event: 0.904 Thread 0x0000000016f25000 Uncommon trap: reason=unloaded action=reinterpret pc=0x0000000002abbe44 method=javassist.bytecode.ConstPool.readOne(Ljava/io/DataInputStream;)I @ 300
Event: 0.905 Thread 0x0000000016f25000 Uncommon trap: reason=unstable_if action=reinterpret pc=0x0000000002ab4f6c method=java.io.DataInputStream.readUTF(Ljava/io/DataInput;)Ljava/lang/String; @ 112
Event: 1.200 Thread 0x0000000016f25000 Uncommon trap: reason=unstable_if action=reinterpret pc=0x0000000002a4659c method=java.util.regex.Pattern$BmpCharProperty.match(Ljava/util/regex/Matcher;ILjava/lang/CharSequence;)Z @ 5
Event: 1.294 Thread 0x0000000016f25000 Uncommon trap: reason=predicate action=maybe_recompile pc=0x0000000002b1a30c method=sun.net.www.ParseUtil.encodePath(Ljava/lang/String;Z)Ljava/lang/String; @ 36
Event: 1.331 Thread 0x0000000016f25000 Uncommon trap: reason=bimorphic action=maybe_recompile pc=0x00000000029e3734 method=java.util.HashMap.putVal(ILjava/lang/Object;Ljava/lang/Object;ZZ)Ljava/lang/Object; @ 152
Event: 1.331 Thread 0x0000000016f25000 Uncommon trap: reason=bimorphic action=maybe_recompile pc=0x00000000029e3734 method=java.util.HashMap.putVal(ILjava/lang/Object;Ljava/lang/Object;ZZ)Ljava/lang/Object; @ 152
Event: 1.331 Thread 0x0000000016f25000 Uncommon trap: reason=bimorphic action=maybe_recompile pc=0x00000000029e3734 method=java.util.HashMap.putVal(ILjava/lang/Object;Ljava/lang/Object;ZZ)Ljava/lang/Object; @ 152
Event: 1.331 Thread 0x0000000016f25000 Uncommon trap: reason=bimorphic action=maybe_recompile pc=0x00000000029b592c method=java.util.HashMap.putVal(ILjava/lang/Object;Ljava/lang/Object;ZZ)Ljava/lang/Object; @ 152
Event: 1.348 Thread 0x0000000016f25000 Uncommon trap: reason=unstable_if action=reinterpret pc=0x0000000002b6c5d8 method=java.util.HashMap.putVal(ILjava/lang/Object;Ljava/lang/Object;ZZ)Ljava/lang/Object; @ 236

Internal exceptions (10 events):
Event: 0.413 Thread 0x0000000016f25000 Exception <a 'java/security/PrivilegedActionException'> (0x00000000eb8d10c0) thrown at [C:\re\workspace\8-2-build-windows-amd64-cygwin\jdk8u111\7883\hotspot\src\share\vm\prims\jvm.cpp, line 1386]
Event: 0.413 Thread 0x0000000016f25000 Exception <a 'java/security/PrivilegedActionException'> (0x00000000eb8d14b8) thrown at [C:\re\workspace\8-2-build-windows-amd64-cygwin\jdk8u111\7883\hotspot\src\share\vm\prims\jvm.cpp, line 1386]
Event: 0.413 Thread 0x0000000016f25000 Exception <a 'java/security/PrivilegedActionException'> (0x00000000eb8d2ab0) thrown at [C:\re\workspace\8-2-build-windows-amd64-cygwin\jdk8u111\7883\hotspot\src\share\vm\prims\jvm.cpp, line 1386]
Event: 0.413 Thread 0x0000000016f25000 Exception <a 'java/security/PrivilegedActionException'> (0x00000000eb8d2ea8) thrown at [C:\re\workspace\8-2-build-windows-amd64-cygwin\jdk8u111\7883\hotspot\src\share\vm\prims\jvm.cpp, line 1386]
Event: 0.413 Thread 0x0000000016f25000 Exception <a 'java/security/PrivilegedActionException'> (0x00000000eb8d4558) thrown at [C:\re\workspace\8-2-build-windows-amd64-cygwin\jdk8u111\7883\hotspot\src\share\vm\prims\jvm.cpp, line 1386]
Event: 0.413 Thread 0x0000000016f25000 Exception <a 'java/security/PrivilegedActionException'> (0x00000000eb8d4950) thrown at [C:\re\workspace\8-2-build-windows-amd64-cygwin\jdk8u111\7883\hotspot\src\share\vm\prims\jvm.cpp, line 1386]
Event: 0.413 Thread 0x0000000016f25000 Exception <a 'java/security/PrivilegedActionException'> (0x00000000eb8d60f0) thrown at [C:\re\workspace\8-2-build-windows-amd64-cygwin\jdk8u111\7883\hotspot\src\share\vm\prims\jvm.cpp, line 1386]
Event: 0.413 Thread 0x0000000016f25000 Exception <a 'java/security/PrivilegedActionException'> (0x00000000eb8d64e8) thrown at [C:\re\workspace\8-2-build-windows-amd64-cygwin\jdk8u111\7883\hotspot\src\share\vm\prims\jvm.cpp, line 1386]
Event: 1.503 Thread 0x0000000016f25000 Exception <a 'java/lang/NullPointerException'> (0x00000000eb55f9a0) thrown at [C:\re\workspace\8-2-build-windows-amd64-cygwin\jdk8u111\7883\hotspot\src\share\vm\runtime\reflection.cpp, line 922]
Event: 1.587 Thread 0x0000000016f25000 Exception <a 'java/lang/ArrayIndexOutOfBoundsException'> (0x00000000eba323c0) thrown at [C:\re\workspace\8-2-build-windows-amd64-cygwin\jdk8u111\7883\hotspot\src\share\vm\runtime\sharedRuntime.cpp, line 605]

Events (10 events):
Event: 1.719 loading class org/hibernate/metamodel/source/BindingContext
Event: 1.719 loading class org/hibernate/metamodel/source/BindingContext done
Event: 1.719 loading class org/hibernate/service/internal/StandardSessionFactoryServiceInitiators
Event: 1.719 loading class org/hibernate/service/internal/StandardSessionFactoryServiceInitiators done
Event: 1.720 loading class org/hibernate/event/service/internal/EventListenerServiceInitiator
Event: 1.720 loading class org/hibernate/event/service/internal/EventListenerServiceInitiator done
Event: 1.720 loading class org/hibernate/service/spi/SessionFactoryServiceInitiator
Event: 1.720 loading class org/hibernate/service/spi/SessionFactoryServiceInitiator done
Event: 1.720 loading class org/hibernate/event/service/spi/EventListenerRegistry
Event: 1.720 loading class org/hibernate/event/service/spi/EventListenerRegistry done


Dynamic libraries:
0x00007ff66c240000 - 0x00007ff66c277000 	C:\Program Files\Java\jdk1.8.0_111\bin\java.exe
0x00007ffbf5b70000 - 0x00007ffbf5d65000 	C:\WINDOWS\SYSTEM32\ntdll.dll
0x00007ffbf58f0000 - 0x00007ffbf59ad000 	C:\WINDOWS\System32\KERNEL32.DLL
0x00007ffbf3770000 - 0x00007ffbf3a39000 	C:\WINDOWS\System32\KERNELBASE.dll
0x00007ffbf4d50000 - 0x00007ffbf4dfc000 	C:\WINDOWS\System32\ADVAPI32.dll
0x00007ffbf53a0000 - 0x00007ffbf543e000 	C:\WINDOWS\System32\msvcrt.dll
0x00007ffbf5a90000 - 0x00007ffbf5b2b000 	C:\WINDOWS\System32\sechost.dll
0x00007ffbf4800000 - 0x00007ffbf492a000 	C:\WINDOWS\System32\RPCRT4.dll
0x00007ffbf4970000 - 0x00007ffbf4b10000 	C:\WINDOWS\System32\USER32.dll
0x00007ffbf3a40000 - 0x00007ffbf3a62000 	C:\WINDOWS\System32\win32u.dll
0x00007ffbf3de0000 - 0x00007ffbf3e0a000 	C:\WINDOWS\System32\GDI32.dll
0x00007ffbf3a70000 - 0x00007ffbf3b7b000 	C:\WINDOWS\System32\gdi32full.dll
0x00007ffbf3540000 - 0x00007ffbf35dd000 	C:\WINDOWS\System32\msvcp_win.dll
0x00007ffbf3670000 - 0x00007ffbf3770000 	C:\WINDOWS\System32\ucrtbase.dll
0x00007ffbe8a60000 - 0x00007ffbe8cfa000 	C:\WINDOWS\WinSxS\amd64_microsoft.windows.common-controls_6595b64144ccf1df_6.0.19041.1083_none_60bbe31371f34e71\COMCTL32.dll
0x00007ffbf4930000 - 0x00007ffbf4960000 	C:\WINDOWS\System32\IMM32.DLL
0x00000000698c0000 - 0x0000000069992000 	C:\Program Files\Java\jdk1.8.0_111\jre\bin\msvcr100.dll
0x00000000699a0000 - 0x000000006a23a000 	C:\Program Files\Java\jdk1.8.0_111\jre\bin\server\jvm.dll
0x00007ffbf3cb0000 - 0x00007ffbf3cb8000 	C:\WINDOWS\System32\PSAPI.DLL
0x00007ffbe75f0000 - 0x00007ffbe75f9000 	C:\WINDOWS\SYSTEM32\WSOCK32.dll
0x00007ffbe8fd0000 - 0x00007ffbe8ff7000 	C:\WINDOWS\SYSTEM32\WINMM.dll
0x00007ffbec5e0000 - 0x00007ffbec5ea000 	C:\WINDOWS\SYSTEM32\VERSION.dll
0x00007ffbf5880000 - 0x00007ffbf58eb000 	C:\WINDOWS\System32\WS2_32.dll
0x0000000069870000 - 0x000000006987f000 	C:\Program Files\Java\jdk1.8.0_111\jre\bin\verify.dll
0x0000000069840000 - 0x0000000069869000 	C:\Program Files\Java\jdk1.8.0_111\jre\bin\java.dll
0x0000000069820000 - 0x0000000069836000 	C:\Program Files\Java\jdk1.8.0_111\jre\bin\zip.dll
0x00007ffbf40c0000 - 0x00007ffbf47ff000 	C:\WINDOWS\System32\SHELL32.dll
0x00007ffbf12a0000 - 0x00007ffbf1a31000 	C:\WINDOWS\SYSTEM32\windows.storage.dll
0x00007ffbf5440000 - 0x00007ffbf5795000 	C:\WINDOWS\System32\combase.dll
0x00007ffbf2cb0000 - 0x00007ffbf2cdc000 	C:\WINDOWS\SYSTEM32\Wldp.dll
0x00007ffbf3e10000 - 0x00007ffbf3ebe000 	C:\WINDOWS\System32\SHCORE.dll
0x00007ffbf5270000 - 0x00007ffbf52c5000 	C:\WINDOWS\System32\shlwapi.dll
0x00007ffbf31f0000 - 0x00007ffbf320f000 	C:\WINDOWS\SYSTEM32\profapi.dll
0x0000000069640000 - 0x00000000697d8000 	C:\Program Files\Java\jdk1.8.0_111\jre\bin\awt.dll
0x00007ffbf52d0000 - 0x00007ffbf539d000 	C:\WINDOWS\System32\OLEAUT32.dll
0x00007ffbf0770000 - 0x00007ffbf0800000 	C:\WINDOWS\SYSTEM32\apphelp.dll
0x00007ffbf0930000 - 0x00007ffbf09ce000 	C:\WINDOWS\system32\uxtheme.dll
0x00007ffbf3cc0000 - 0x00007ffbf3dd5000 	C:\WINDOWS\System32\MSCTF.dll
0x00007ffbf3ec0000 - 0x00007ffbf3fea000 	C:\WINDOWS\System32\ole32.dll
0x00007ffbf1b70000 - 0x00007ffbf1b82000 	C:\WINDOWS\SYSTEM32\kernel.appcore.dll
0x00007ffbf35e0000 - 0x00007ffbf3663000 	C:\WINDOWS\System32\bcryptPrimitives.dll
0x00007ffbf0ce0000 - 0x00007ffbf0d0f000 	C:\WINDOWS\system32\DWMAPI.DLL
0x00000000695f0000 - 0x0000000069637000 	C:\Program Files\Java\jdk1.8.0_111\jre\bin\fontmanager.dll
0x0000000069800000 - 0x000000006981a000 	C:\Program Files\Java\jdk1.8.0_111\jre\bin\net.dll
0x00007ffbf2a10000 - 0x00007ffbf2a7a000 	C:\WINDOWS\system32\mswsock.dll
0x00007ffbf2740000 - 0x00007ffbf280c000 	C:\WINDOWS\SYSTEM32\DNSAPI.dll
0x00007ffbf2700000 - 0x00007ffbf273b000 	C:\WINDOWS\SYSTEM32\IPHLPAPI.DLL
0x00007ffbf4960000 - 0x00007ffbf4968000 	C:\WINDOWS\System32\NSI.dll
0x00007ffbe9a40000 - 0x00007ffbe9a4a000 	C:\Windows\System32\rasadhlp.dll
0x00007ffbe8530000 - 0x00007ffbe85af000 	C:\WINDOWS\System32\fwpuclnt.dll
0x00007ffbf3510000 - 0x00007ffbf3537000 	C:\WINDOWS\System32\bcrypt.dll
0x0000000069140000 - 0x0000000069164000 	C:\Program Files\Java\jdk1.8.0_111\jre\bin\sunec.dll
0x00000000690e0000 - 0x00000000690eb000 	C:\Program Files\Java\jdk1.8.0_111\jre\bin\sunmscapi.dll
0x00007ffbf33b0000 - 0x00007ffbf350f000 	C:\WINDOWS\System32\CRYPT32.dll

VM Arguments:
java_command: Pantallas.FrmPedidos
java_class_path (initial): C:\Users\Usuario\Documents\Ingenieria de Sofware 1\II Parcial\CarSoft-2.5\Coregi esto Porfa\CarSoft-Version-2.1\target\classes;C:\Users\Usuario\.m2\repository\unknown\binary\jcalendar-1.4\SNAPSHOT\jcalendar-1.4-SNAPSHOT.jar;C:\Users\Usuario\.m2\repository\org\hibernate\hibernate-entitymanager\4.3.1.Final\hibernate-entitymanager-4.3.1.Final.jar;C:\Users\Usuario\.m2\repository\org\jboss\logging\jboss-logging\3.1.3.GA\jboss-logging-3.1.3.GA.jar;C:\Users\Usuario\.m2\repository\org\jboss\logging\jboss-logging-annotations\1.2.0.Beta1\jboss-logging-annotations-1.2.0.Beta1.jar;C:\Users\Usuario\.m2\repository\org\hibernate\hibernate-core\4.3.1.Final\hibernate-core-4.3.1.Final.jar;C:\Users\Usuario\.m2\repository\antlr\antlr\2.7.7\antlr-2.7.7.jar;C:\Users\Usuario\.m2\repository\org\jboss\jandex\1.1.0.Final\jandex-1.1.0.Final.jar;C:\Users\Usuario\.m2\repository\dom4j\dom4j\1.6.1\dom4j-1.6.1.jar;C:\Users\Usuario\.m2\repository\xml-apis\xml-apis\1.0.b2\xml-apis-1.0.b2.jar;C:\Users\Usuario\.m2\repository\org\hibernate\common\hibernate-commons-annotations\4.0.4.Final\hibernate-commons-annotations-4.0.4.Final.jar;C:\Users\Usuario\.m2\repository\org\hibernate\javax\persistence\hibernate-jpa-2.1-api\1.0.0.Final\hibernate-jpa-2.1-api-1.0.0.Final.jar;C:\Users\Usuario\.m2\repository\org\jboss\spec\javax\transaction\jboss-transaction-api_1.2_spec\1.0.0.Final\jboss-transaction-api_1.2_spec-1.0.0.Final.jar;C:\Users\Usuario\.m2\repository\org\javassist\javassist\3.18.1-GA\javassist-3.18.1-GA.jar;C:\Users\Usuario\.m2\repository\mysql\mysql-connector-java\8.0.23\mysql-connector-java-8.0.23.jar;C:\Users\Usuario\.m2\repository\com\google\protobuf\protobuf-java\3.11.4\protobuf-java-3.11.4.jar;C:\Users\Usuario\.m2\repository\javax\xml\bind\jaxb-api\2.3.1\jaxb-api-2.3.1.jar;C:\Users\Usuario\.m2\repository\javax\activation\javax.activation-api\1.2.0\javax.activation-api-1.2.0.jar;C:\Users\Usuario\.m2\repository\org\glassfish\jaxb\jaxb-runtime\2.3.1\jaxb-runtime-2.3.1.jar
Launcher Type: SUN_STANDARD

Environment Variables:
JAVA_HOME=C:\Program Files\Java\jdk1.8.0_111
PATH=C:\ProgramData\Oracle\Java\javapath;%MAVEN_HOME%\bin;C:\Program Files\Microsoft MPI\Bin\;C:\WINDOWS\system32;C:\WINDOWS;C:\WINDOWS\System32\Wbem;C:\WINDOWS\System32\WindowsPowerShell\v1.0\;C:\WINDOWS\System32\OpenSSH\;C:\Program Files\Microsoft SQL Server\Client SDK\ODBC\170\Tools\Binn\;C:\Program Files (x86)\Microsoft SQL Server\150\Tools\Binn\;C:\Program Files\Microsoft SQL Server\150\Tools\Binn\;C:\Program Files\Microsoft SQL Server\150\DTS\Binn\;C:\Program Files (x86)\Microsoft SQL Server\150\DTS\Binn\;C:\Program Files\Git\cmd;C:\Program Files (x86)\Microchip\MPLAB C32 Suite\bin;C:\PROGRA~2\PICC;C:\Users\Usuario\AppData\Local\Microsoft\WindowsApps;C:\Users\Usuario\AppData\Local\Programs\Microsoft VS Code\bin;%MAVEN_HOME%\bin;
USERNAME=Usuario
OS=Windows_NT
PROCESSOR_IDENTIFIER=Intel64 Family 6 Model 142 Stepping 9, GenuineIntel



---------------  S Y S T E M  ---------------

OS: Windows 10.0 , 64 bit Build 19041 (10.0.19041.1023)

CPU:total 4 (2 cores per cpu, 2 threads per core) family 6 model 142 stepping 9, cmov, cx8, fxsr, mmx, sse, sse2, sse3, ssse3, sse4.1, sse4.2, popcnt, avx, avx2, aes, clmul, erms, 3dnowpref, lzcnt, ht, tsc, tscinvbit, bmi1, bmi2, adx

Memory: 4k page, physical 4089820k(299864k free), swap 12478428k(3512k free)

vm_info: Java HotSpot(TM) 64-Bit Server VM (25.111-b14) for windows-amd64 JRE (1.8.0_111-b14), built on Sep 22 2016 19:24:05 by "java_re" with MS VC++ 10.0 (VS2010)

time: Wed Jul 14 19:57:55 2021
elapsed time: 1 seconds (0d 0h 0m 1s)

